2025-10-02 03:06:05 | DEBUG   | Logger initialized, path=C:\Program Files (x86)\Steam\steamapps\common\King Arthur's Gold\Mods\parkour-cont\parkour\Videos\latestlog.log
2025-10-02 03:06:05 | INFO    | === Script started ===
2025-10-02 03:06:05 | DEBUG   | Script/exe path: C:\Program Files (x86)\Steam\steamapps\common\King Arthur's Gold\Mods\parkour-cont\parkour\Videos\convertgiftopngset.exe
2025-10-02 03:06:05 | DEBUG   | Working folder (videos_dir): C:\Program Files (x86)\Steam\steamapps\common\King Arthur's Gold\Mods\parkour-cont\parkour\Videos
2025-10-02 03:06:05 | INFO    | Input path: C:\Program Files (x86)\Steam\steamapps\common\King Arthur's Gold\Mods\parkour-cont\parkour\Videos\Intro.gif
2025-10-02 03:06:05 | INFO    | Input file size: 1.9MB, modified: 2025-10-02T03:05:52.246058
2025-10-02 03:06:05 | DEBUG   | Ensured directories: intro_dir=C:\Program Files (x86)\Steam\steamapps\common\King Arthur's Gold\Mods\parkour-cont\parkour\Videos\Intro, files_dir=C:\Program Files (x86)\Steam\steamapps\common\King Arthur's Gold\Mods\parkour-cont\parkour\Videos\Intro\Files
2025-10-02 03:06:05 | INFO    | Removing old PNG: 000.png (9.8KB)
2025-10-02 03:06:05 | INFO    | Removing old PNG: 001.png (10.1KB)
2025-10-02 03:06:05 | INFO    | Removing old PNG: 002.png (10.0KB)
2025-10-02 03:06:05 | INFO    | Removing old PNG: 003.png (10.2KB)
2025-10-02 03:06:05 | INFO    | Removing old PNG: 004.png (10.1KB)
2025-10-02 03:06:05 | INFO    | Removing old PNG: 005.png (10.1KB)
2025-10-02 03:06:05 | INFO    | Removing old PNG: 006.png (10.0KB)
2025-10-02 03:06:05 | INFO    | Removing old PNG: 007.png (10.0KB)
2025-10-02 03:06:05 | INFO    | Removing old PNG: 008.png (10.2KB)
2025-10-02 03:06:05 | INFO    | Removing old PNG: 009.png (9.9KB)
2025-10-02 03:06:05 | INFO    | Removing old PNG: 010.png (10.0KB)
2025-10-02 03:06:05 | INFO    | Removing old PNG: 011.png (10.1KB)
2025-10-02 03:06:05 | INFO    | Removing old PNG: 012.png (10.1KB)
2025-10-02 03:06:05 | INFO    | Removing old PNG: 013.png (10.2KB)
2025-10-02 03:06:05 | INFO    | Removing old PNG: 014.png (10.1KB)
2025-10-02 03:06:05 | INFO    | Removing old PNG: 015.png (10.1KB)
2025-10-02 03:06:05 | INFO    | Removing old PNG: 016.png (10.1KB)
2025-10-02 03:06:05 | INFO    | Removing old PNG: 017.png (10.0KB)
2025-10-02 03:06:05 | INFO    | Removing old PNG: 018.png (10.1KB)
2025-10-02 03:06:05 | INFO    | Removing old PNG: 019.png (10.1KB)
2025-10-02 03:06:05 | INFO    | Removing old PNG: 020.png (10.1KB)
2025-10-02 03:06:05 | INFO    | Removing old PNG: 021.png (10.1KB)
2025-10-02 03:06:05 | INFO    | Removing old PNG: 022.png (10.1KB)
2025-10-02 03:06:05 | INFO    | Removing old PNG: 023.png (10.1KB)
2025-10-02 03:06:05 | INFO    | Removing old PNG: 024.png (10.1KB)
2025-10-02 03:06:05 | INFO    | Removing old PNG: 025.png (10.0KB)
2025-10-02 03:06:05 | INFO    | Removing old PNG: 026.png (10.0KB)
2025-10-02 03:06:05 | INFO    | Removing old PNG: 027.png (10.1KB)
2025-10-02 03:06:05 | INFO    | Removing old PNG: 028.png (10.1KB)
2025-10-02 03:06:05 | INFO    | Removing old PNG: 029.png (10.1KB)
2025-10-02 03:06:05 | INFO    | Removing old PNG: 030.png (10.1KB)
2025-10-02 03:06:05 | INFO    | Removing old PNG: 031.png (10.1KB)
2025-10-02 03:06:05 | INFO    | Removing old PNG: 032.png (10.1KB)
2025-10-02 03:06:05 | INFO    | Removing old PNG: 033.png (10.0KB)
2025-10-02 03:06:05 | INFO    | Removing old PNG: 034.png (10.0KB)
2025-10-02 03:06:05 | INFO    | Removing old PNG: 035.png (10.2KB)
2025-10-02 03:06:05 | INFO    | Removing old PNG: 036.png (10.1KB)
2025-10-02 03:06:05 | INFO    | Removing old PNG: 037.png (10.1KB)
2025-10-02 03:06:05 | INFO    | Removing old PNG: 038.png (10.1KB)
2025-10-02 03:06:05 | INFO    | Removing old PNG: 039.png (10.1KB)
2025-10-02 03:06:05 | INFO    | Removing old PNG: 040.png (10.2KB)
2025-10-02 03:06:05 | INFO    | Removing old PNG: 041.png (10.0KB)
2025-10-02 03:06:05 | INFO    | Removing old PNG: 042.png (10.0KB)
2025-10-02 03:06:05 | INFO    | Removing old PNG: 043.png (10.1KB)
2025-10-02 03:06:05 | INFO    | Removing old PNG: 044.png (10.1KB)
2025-10-02 03:06:05 | INFO    | Removing old PNG: 045.png (10.1KB)
2025-10-02 03:06:05 | INFO    | Removing old PNG: 046.png (10.1KB)
2025-10-02 03:06:05 | INFO    | Removing old PNG: 047.png (10.1KB)
2025-10-02 03:06:05 | INFO    | Removing old PNG: 048.png (10.1KB)
2025-10-02 03:06:05 | INFO    | Removing old PNG: 049.png (10.1KB)
2025-10-02 03:06:05 | INFO    | Removing old PNG: 050.png (10.1KB)
2025-10-02 03:06:05 | INFO    | Removing old PNG: 051.png (10.2KB)
2025-10-02 03:06:05 | INFO    | Removing old PNG: 052.png (10.1KB)
2025-10-02 03:06:05 | INFO    | Removing old PNG: 053.png (10.1KB)
2025-10-02 03:06:05 | INFO    | Removing old PNG: 054.png (10.0KB)
2025-10-02 03:06:05 | INFO    | Removing old PNG: 055.png (10.1KB)
2025-10-02 03:06:05 | INFO    | Removing old PNG: 056.png (10.2KB)
2025-10-02 03:06:05 | INFO    | Removing old PNG: 057.png (10.0KB)
2025-10-02 03:06:05 | INFO    | Removing old PNG: 058.png (10.0KB)
2025-10-02 03:06:05 | INFO    | Removing old PNG: 059.png (10.2KB)
2025-10-02 03:06:05 | INFO    | Removing old PNG: 060.png (10.1KB)
2025-10-02 03:06:05 | INFO    | Removing old PNG: 061.png (10.1KB)
2025-10-02 03:06:05 | INFO    | Removing old PNG: 062.png (10.1KB)
2025-10-02 03:06:05 | INFO    | Removing old PNG: 063.png (10.1KB)
2025-10-02 03:06:05 | INFO    | Removing old PNG: 064.png (10.0KB)
2025-10-02 03:06:05 | INFO    | Removing old PNG: 065.png (10.1KB)
2025-10-02 03:06:05 | INFO    | Removing old PNG: 066.png (10.1KB)
2025-10-02 03:06:05 | INFO    | Removing old PNG: 067.png (10.2KB)
2025-10-02 03:06:05 | INFO    | Removing old PNG: 068.png (10.1KB)
2025-10-02 03:06:05 | INFO    | Removing old PNG: 069.png (10.1KB)
2025-10-02 03:06:05 | INFO    | Removing old PNG: 070.png (10.1KB)
2025-10-02 03:06:05 | INFO    | Removing old PNG: 071.png (10.1KB)
2025-10-02 03:06:05 | INFO    | Removing old PNG: 072.png (10.2KB)
2025-10-02 03:06:05 | INFO    | Removing old PNG: 073.png (10.0KB)
2025-10-02 03:06:05 | INFO    | Removing old PNG: 074.png (10.0KB)
2025-10-02 03:06:05 | INFO    | Removing old PNG: 075.png (10.2KB)
2025-10-02 03:06:05 | INFO    | Removing old PNG: 076.png (10.1KB)
2025-10-02 03:06:05 | INFO    | Removing old PNG: 077.png (10.1KB)
2025-10-02 03:06:05 | INFO    | Removing old PNG: 078.png (10.1KB)
2025-10-02 03:06:05 | INFO    | Removing old PNG: 079.png (10.3KB)
2025-10-02 03:06:05 | INFO    | Removing old PNG: 080.png (10.3KB)
2025-10-02 03:06:05 | INFO    | Removing old PNG: 081.png (10.2KB)
2025-10-02 03:06:05 | INFO    | Removing old PNG: 082.png (10.2KB)
2025-10-02 03:06:05 | INFO    | Removing old PNG: 083.png (10.3KB)
2025-10-02 03:06:05 | INFO    | Removing old PNG: 084.png (10.2KB)
2025-10-02 03:06:05 | INFO    | Removing old PNG: 085.png (10.3KB)
2025-10-02 03:06:05 | INFO    | Removing old PNG: 086.png (10.3KB)
2025-10-02 03:06:05 | INFO    | Removing old PNG: 087.png (10.3KB)
2025-10-02 03:06:05 | INFO    | Removing old PNG: 088.png (10.4KB)
2025-10-02 03:06:05 | INFO    | Removing old PNG: 089.png (10.3KB)
2025-10-02 03:06:05 | INFO    | Removing old PNG: 090.png (10.5KB)
2025-10-02 03:06:05 | INFO    | Removing old PNG: 091.png (10.8KB)
2025-10-02 03:06:05 | INFO    | Removing old PNG: 092.png (10.9KB)
2025-10-02 03:06:05 | INFO    | Removing old PNG: 093.png (10.8KB)
2025-10-02 03:06:05 | INFO    | Removing old PNG: 094.png (10.9KB)
2025-10-02 03:06:05 | INFO    | Removing old PNG: 095.png (10.4KB)
2025-10-02 03:06:05 | INFO    | Removing old PNG: 096.png (10.6KB)
2025-10-02 03:06:05 | INFO    | Removing old PNG: 097.png (11.1KB)
2025-10-02 03:06:05 | INFO    | Removing old PNG: 098.png (10.7KB)
2025-10-02 03:06:05 | INFO    | Removing old PNG: 099.png (10.9KB)
2025-10-02 03:06:05 | INFO    | Removing old PNG: 100.png (10.6KB)
2025-10-02 03:06:05 | INFO    | Removing old PNG: 101.png (10.4KB)
2025-10-02 03:06:05 | INFO    | Removing old PNG: 102.png (10.7KB)
2025-10-02 03:06:05 | INFO    | Removing old PNG: 103.png (11.0KB)
2025-10-02 03:06:05 | INFO    | Removing old PNG: 104.png (11.2KB)
2025-10-02 03:06:05 | INFO    | Removing old PNG: 105.png (11.6KB)
2025-10-02 03:06:05 | INFO    | Removing old PNG: 106.png (11.4KB)
2025-10-02 03:06:05 | INFO    | Removing old PNG: 107.png (11.4KB)
2025-10-02 03:06:05 | INFO    | Removing old PNG: 108.png (12.0KB)
2025-10-02 03:06:05 | INFO    | Removing old PNG: 109.png (11.6KB)
2025-10-02 03:06:05 | INFO    | Removing old PNG: 110.png (11.6KB)
2025-10-02 03:06:05 | INFO    | Removing old PNG: 111.png (11.6KB)
2025-10-02 03:06:05 | INFO    | Removing old PNG: 112.png (11.8KB)
2025-10-02 03:06:05 | INFO    | Removing old PNG: 113.png (11.7KB)
2025-10-02 03:06:05 | INFO    | Removing old PNG: 114.png (11.5KB)
2025-10-02 03:06:05 | INFO    | Removing old PNG: 115.png (11.7KB)
2025-10-02 03:06:05 | INFO    | Removing old PNG: 116.png (11.7KB)
2025-10-02 03:06:05 | INFO    | Removing old PNG: 117.png (12.0KB)
2025-10-02 03:06:05 | INFO    | Removing old PNG: 118.png (11.8KB)
2025-10-02 03:06:05 | INFO    | Removing old PNG: 119.png (11.8KB)
2025-10-02 03:06:05 | INFO    | Removing old PNG: 120.png (12.2KB)
2025-10-02 03:06:05 | INFO    | Removing old PNG: 121.png (11.9KB)
2025-10-02 03:06:05 | INFO    | Removing old PNG: 122.png (11.5KB)
2025-10-02 03:06:05 | INFO    | Removing old PNG: 123.png (11.8KB)
2025-10-02 03:06:05 | INFO    | Removing old PNG: 124.png (12.1KB)
2025-10-02 03:06:05 | INFO    | Removing old PNG: 125.png (11.9KB)
2025-10-02 03:06:05 | INFO    | Removing old PNG: 126.png (12.0KB)
2025-10-02 03:06:05 | INFO    | Removing old PNG: 127.png (12.3KB)
2025-10-02 03:06:05 | INFO    | Removing old PNG: 128.png (12.7KB)
2025-10-02 03:06:05 | INFO    | Removing old PNG: 129.png (12.7KB)
2025-10-02 03:06:05 | INFO    | Removing old PNG: 130.png (12.7KB)
2025-10-02 03:06:05 | INFO    | Removing old PNG: 131.png (13.1KB)
2025-10-02 03:06:05 | INFO    | Removing old PNG: 132.png (12.7KB)
2025-10-02 03:06:05 | INFO    | Removing old PNG: 133.png (12.5KB)
2025-10-02 03:06:05 | INFO    | Removing old PNG: 134.png (12.5KB)
2025-10-02 03:06:05 | INFO    | Removing old PNG: 135.png (12.2KB)
2025-10-02 03:06:05 | INFO    | Removing old PNG: 136.png (12.4KB)
2025-10-02 03:06:05 | INFO    | Removing old PNG: 137.png (12.2KB)
2025-10-02 03:06:05 | INFO    | Removing old PNG: 138.png (12.1KB)
2025-10-02 03:06:05 | INFO    | Removing old PNG: 139.png (12.7KB)
2025-10-02 03:06:05 | INFO    | Removing old PNG: 140.png (12.5KB)
2025-10-02 03:06:05 | INFO    | Removing old PNG: 141.png (12.4KB)
2025-10-02 03:06:05 | INFO    | Removing old PNG: 142.png (12.7KB)
2025-10-02 03:06:05 | INFO    | Removing old PNG: 143.png (12.7KB)
2025-10-02 03:06:05 | INFO    | Removing old PNG: 144.png (12.7KB)
2025-10-02 03:06:05 | INFO    | Removing old PNG: 145.png (12.5KB)
2025-10-02 03:06:05 | INFO    | Removing old PNG: 146.png (12.6KB)
2025-10-02 03:06:05 | INFO    | Removing old PNG: 147.png (12.7KB)
2025-10-02 03:06:05 | INFO    | Removing old PNG: 148.png (12.5KB)
2025-10-02 03:06:05 | INFO    | Removing old PNG: 149.png (12.9KB)
2025-10-02 03:06:05 | INFO    | Removing old PNG: 150.png (12.9KB)
2025-10-02 03:06:05 | INFO    | Removing old PNG: 151.png (12.7KB)
2025-10-02 03:06:05 | INFO    | Removing old PNG: 152.png (12.9KB)
2025-10-02 03:06:05 | INFO    | Removing old PNG: 153.png (13.0KB)
2025-10-02 03:06:05 | INFO    | Removing old PNG: 154.png (13.1KB)
2025-10-02 03:06:05 | INFO    | Removing old PNG: 155.png (13.3KB)
2025-10-02 03:06:05 | INFO    | Removing old PNG: 156.png (12.9KB)
2025-10-02 03:06:05 | INFO    | Removing old PNG: 157.png (12.8KB)
2025-10-02 03:06:05 | INFO    | Removing old PNG: 158.png (12.8KB)
2025-10-02 03:06:05 | INFO    | Removing old PNG: 159.png (12.9KB)
2025-10-02 03:06:05 | INFO    | Removing old PNG: 160.png (12.9KB)
2025-10-02 03:06:05 | INFO    | Removing old PNG: 161.png (12.5KB)
2025-10-02 03:06:05 | INFO    | Removing old PNG: 162.png (13.1KB)
2025-10-02 03:06:05 | INFO    | Removing old PNG: 163.png (13.1KB)
2025-10-02 03:06:05 | INFO    | Removing old PNG: 164.png (13.2KB)
2025-10-02 03:06:05 | INFO    | Removing old PNG: 165.png (13.1KB)
2025-10-02 03:06:05 | INFO    | Removing old PNG: 166.png (12.9KB)
2025-10-02 03:06:05 | INFO    | Removing old PNG: 167.png (12.5KB)
2025-10-02 03:06:05 | INFO    | Removing old PNG: 168.png (12.5KB)
2025-10-02 03:06:05 | INFO    | Removing old PNG: 169.png (12.5KB)
2025-10-02 03:06:05 | INFO    | Removing old PNG: 170.png (12.4KB)
2025-10-02 03:06:05 | INFO    | Removing old PNG: 171.png (12.7KB)
2025-10-02 03:06:05 | INFO    | Removing old PNG: 172.png (12.6KB)
2025-10-02 03:06:05 | INFO    | Removing old PNG: 173.png (12.9KB)
2025-10-02 03:06:05 | INFO    | Removing old PNG: 174.png (12.9KB)
2025-10-02 03:06:05 | INFO    | Removing old PNG: 175.png (13.2KB)
2025-10-02 03:06:05 | INFO    | Removing old PNG: 176.png (13.0KB)
2025-10-02 03:06:05 | INFO    | Removing old PNG: 177.png (13.1KB)
2025-10-02 03:06:05 | INFO    | Removing old PNG: 178.png (13.2KB)
2025-10-02 03:06:05 | INFO    | Removing old PNG: 179.png (13.4KB)
2025-10-02 03:06:05 | INFO    | Removing old PNG: 180.png (13.5KB)
2025-10-02 03:06:05 | INFO    | Removing old PNG: 181.png (13.3KB)
2025-10-02 03:06:05 | INFO    | Removing old PNG: 182.png (13.0KB)
2025-10-02 03:06:05 | INFO    | Removing old PNG: 183.png (13.6KB)
2025-10-02 03:06:05 | INFO    | Removing old PNG: 184.png (13.4KB)
2025-10-02 03:06:05 | INFO    | Removing old PNG: 185.png (12.9KB)
2025-10-02 03:06:05 | INFO    | Removing old PNG: 186.png (13.0KB)
2025-10-02 03:06:05 | INFO    | Removing old PNG: 187.png (12.7KB)
2025-10-02 03:06:05 | INFO    | Removing old PNG: 188.png (13.2KB)
2025-10-02 03:06:05 | INFO    | Removing old PNG: 189.png (13.2KB)
2025-10-02 03:06:05 | INFO    | Removing old PNG: 190.png (13.9KB)
2025-10-02 03:06:05 | INFO    | Removing old PNG: 191.png (13.5KB)
2025-10-02 03:06:05 | INFO    | Removing old PNG: 192.png (13.3KB)
2025-10-02 03:06:05 | INFO    | Removing old PNG: 193.png (12.8KB)
2025-10-02 03:06:05 | INFO    | Removing old PNG: 194.png (13.0KB)
2025-10-02 03:06:05 | INFO    | Removing old PNG: 195.png (13.3KB)
2025-10-02 03:06:05 | INFO    | Removing old PNG: 196.png (12.8KB)
2025-10-02 03:06:05 | INFO    | Removing old PNG: 197.png (13.1KB)
2025-10-02 03:06:05 | INFO    | Removing old PNG: 198.png (13.1KB)
2025-10-02 03:06:05 | INFO    | Removing old PNG: 199.png (13.4KB)
2025-10-02 03:06:05 | INFO    | Removing old PNG: 200.png (14.3KB)
2025-10-02 03:06:05 | INFO    | Removing old PNG: 201.png (15.7KB)
2025-10-02 03:06:05 | INFO    | Removing old PNG: 202.png (17.0KB)
2025-10-02 03:06:05 | INFO    | Removing old PNG: 203.png (17.7KB)
2025-10-02 03:06:05 | INFO    | Removing old PNG: 204.png (19.6KB)
2025-10-02 03:06:05 | INFO    | Removing old PNG: 205.png (19.5KB)
2025-10-02 03:06:05 | INFO    | Removing old PNG: 206.png (19.7KB)
2025-10-02 03:06:05 | INFO    | Removing old PNG: 207.png (20.1KB)
2025-10-02 03:06:05 | INFO    | Removing old PNG: 208.png (20.5KB)
2025-10-02 03:06:05 | INFO    | Removing old PNG: 209.png (21.2KB)
2025-10-02 03:06:05 | INFO    | Removing old PNG: 210.png (22.2KB)
2025-10-02 03:06:05 | INFO    | Removing old PNG: 211.png (22.6KB)
2025-10-02 03:06:05 | INFO    | Removing old PNG: 212.png (23.1KB)
2025-10-02 03:06:05 | INFO    | Removing old PNG: 213.png (23.9KB)
2025-10-02 03:06:05 | INFO    | Removing old PNG: 214.png (24.0KB)
2025-10-02 03:06:05 | INFO    | Removing old PNG: 215.png (22.8KB)
2025-10-02 03:06:05 | INFO    | Removing old PNG: 216.png (23.4KB)
2025-10-02 03:06:05 | INFO    | Removing old PNG: 217.png (23.7KB)
2025-10-02 03:06:05 | INFO    | Removing old PNG: 218.png (23.8KB)
2025-10-02 03:06:05 | INFO    | Removing old PNG: 219.png (23.5KB)
2025-10-02 03:06:05 | INFO    | Removing old PNG: 220.png (24.2KB)
2025-10-02 03:06:05 | INFO    | Removing old PNG: 221.png (25.2KB)
2025-10-02 03:06:05 | INFO    | Removing old PNG: 222.png (23.8KB)
2025-10-02 03:06:05 | INFO    | Removing old PNG: 223.png (24.4KB)
2025-10-02 03:06:05 | INFO    | Removing old PNG: 224.png (24.6KB)
2025-10-02 03:06:05 | INFO    | Removing old PNG: 225.png (25.6KB)
2025-10-02 03:06:05 | INFO    | Removing old PNG: 226.png (27.0KB)
2025-10-02 03:06:05 | INFO    | Removing old PNG: 227.png (25.1KB)
2025-10-02 03:06:05 | INFO    | Removing old PNG: 228.png (26.4KB)
2025-10-02 03:06:05 | INFO    | Removing old PNG: 229.png (26.1KB)
2025-10-02 03:06:05 | INFO    | Removing old PNG: 230.png (27.3KB)
2025-10-02 03:06:05 | INFO    | Removing old PNG: 231.png (28.2KB)
2025-10-02 03:06:05 | INFO    | Removing old PNG: 232.png (28.9KB)
2025-10-02 03:06:05 | INFO    | Removing old PNG: 233.png (26.6KB)
2025-10-02 03:06:05 | INFO    | Removing old PNG: 234.png (28.6KB)
2025-10-02 03:06:05 | INFO    | Removing old PNG: 235.png (29.3KB)
2025-10-02 03:06:05 | INFO    | Removing old PNG: 236.png (30.3KB)
2025-10-02 03:06:05 | INFO    | Removing old PNG: 237.png (30.9KB)
2025-10-02 03:06:05 | INFO    | Removing old PNG: 238.png (31.2KB)
2025-10-02 03:06:05 | INFO    | Removing old PNG: 239.png (31.4KB)
2025-10-02 03:06:05 | INFO    | Removing old PNG: 240.png (32.0KB)
2025-10-02 03:06:05 | INFO    | Removing old PNG: 241.png (32.4KB)
2025-10-02 03:06:05 | INFO    | Removing old PNG: 242.png (32.3KB)
2025-10-02 03:06:05 | INFO    | Removing old PNG: 243.png (33.0KB)
2025-10-02 03:06:05 | INFO    | Removing old PNG: 244.png (33.2KB)
2025-10-02 03:06:05 | INFO    | Removing old PNG: 245.png (33.0KB)
2025-10-02 03:06:05 | INFO    | Removing old PNG: 246.png (33.9KB)
2025-10-02 03:06:05 | INFO    | Removing old PNG: 247.png (33.6KB)
2025-10-02 03:06:05 | INFO    | Removing old PNG: 248.png (33.7KB)
2025-10-02 03:06:05 | INFO    | Removing old PNG: 249.png (33.9KB)
2025-10-02 03:06:05 | INFO    | Removing old PNG: 250.png (34.1KB)
2025-10-02 03:06:05 | INFO    | Removing old PNG: 251.png (34.0KB)
2025-10-02 03:06:05 | INFO    | Removing old PNG: 252.png (34.0KB)
2025-10-02 03:06:05 | INFO    | Removing old PNG: 253.png (34.0KB)
2025-10-02 03:06:05 | INFO    | Removing old PNG: 254.png (34.2KB)
2025-10-02 03:06:05 | INFO    | Removing old PNG: 255.png (34.4KB)
2025-10-02 03:06:05 | INFO    | Removing old PNG: 256.png (33.6KB)
2025-10-02 03:06:05 | INFO    | Removing old PNG: 257.png (30.5KB)
2025-10-02 03:06:05 | INFO    | Removing old PNG: 258.png (26.3KB)
2025-10-02 03:06:05 | INFO    | Removing old PNG: 259.png (25.8KB)
2025-10-02 03:06:05 | INFO    | Removing old PNG: 260.png (24.2KB)
2025-10-02 03:06:05 | INFO    | Removing old PNG: 261.png (24.0KB)
2025-10-02 03:06:05 | INFO    | Removing old PNG: 262.png (23.8KB)
2025-10-02 03:06:05 | INFO    | Removing old PNG: 263.png (23.8KB)
2025-10-02 03:06:05 | INFO    | Removing old PNG: 264.png (23.3KB)
2025-10-02 03:06:05 | INFO    | Removing old PNG: 265.png (23.8KB)
2025-10-02 03:06:05 | INFO    | Removing old PNG: 266.png (23.9KB)
2025-10-02 03:06:05 | INFO    | Removing old PNG: 267.png (24.4KB)
2025-10-02 03:06:05 | INFO    | Removing old PNG: 268.png (24.2KB)
2025-10-02 03:06:05 | INFO    | Removing old PNG: 269.png (24.7KB)
2025-10-02 03:06:05 | INFO    | Removing old PNG: 270.png (24.9KB)
2025-10-02 03:06:05 | INFO    | Removing old PNG: 271.png (25.5KB)
2025-10-02 03:06:05 | INFO    | Removing old PNG: 272.png (25.1KB)
2025-10-02 03:06:05 | INFO    | Removing old PNG: 273.png (25.9KB)
2025-10-02 03:06:05 | INFO    | Removing old PNG: 274.png (25.6KB)
2025-10-02 03:06:05 | INFO    | Removing old PNG: 275.png (25.5KB)
2025-10-02 03:06:05 | INFO    | Removing old PNG: 276.png (25.3KB)
2025-10-02 03:06:05 | INFO    | Removing old PNG: 277.png (25.0KB)
2025-10-02 03:06:05 | INFO    | Removing old PNG: 278.png (25.9KB)
2025-10-02 03:06:05 | INFO    | Removing old PNG: 279.png (24.8KB)
2025-10-02 03:06:05 | INFO    | Removing old PNG: 280.png (24.2KB)
2025-10-02 03:06:05 | INFO    | Removing old PNG: 281.png (23.3KB)
2025-10-02 03:06:05 | INFO    | Removing old PNG: 282.png (22.9KB)
2025-10-02 03:06:05 | INFO    | Removing old PNG: 283.png (22.7KB)
2025-10-02 03:06:05 | INFO    | Removing old PNG: 284.png (22.0KB)
2025-10-02 03:06:05 | INFO    | Removing old PNG: 285.png (21.6KB)
2025-10-02 03:06:05 | INFO    | Removing old PNG: 286.png (21.5KB)
2025-10-02 03:06:05 | INFO    | Removing old PNG: 287.png (20.7KB)
2025-10-02 03:06:05 | INFO    | Removing old PNG: 288.png (20.0KB)
2025-10-02 03:06:05 | INFO    | Removing old PNG: 289.png (19.6KB)
2025-10-02 03:06:05 | INFO    | Removing old PNG: 290.png (18.9KB)
2025-10-02 03:06:05 | INFO    | Removing old PNG: 291.png (17.3KB)
2025-10-02 03:06:05 | INFO    | Removing old PNG: 292.png (16.3KB)
2025-10-02 03:06:05 | INFO    | Removing old PNG: 293.png (15.6KB)
2025-10-02 03:06:05 | INFO    | Removing old PNG: 294.png (15.8KB)
2025-10-02 03:06:05 | INFO    | Removing old PNG: 295.png (15.8KB)
2025-10-02 03:06:05 | INFO    | Removing old PNG: 296.png (14.9KB)
2025-10-02 03:06:05 | INFO    | Removing old PNG: 297.png (15.2KB)
2025-10-02 03:06:05 | INFO    | Removing old PNG: 298.png (15.4KB)
2025-10-02 03:06:05 | INFO    | Removing old PNG: 299.png (14.8KB)
2025-10-02 03:06:05 | INFO    | Removing old PNG: 300.png (15.2KB)
2025-10-02 03:06:05 | INFO    | Removing old PNG: 301.png (15.1KB)
2025-10-02 03:06:05 | INFO    | Removing old PNG: 302.png (14.9KB)
2025-10-02 03:06:05 | INFO    | Removing old PNG: 303.png (15.2KB)
2025-10-02 03:06:05 | INFO    | Removing old PNG: 304.png (15.6KB)
2025-10-02 03:06:05 | INFO    | Removing old PNG: 305.png (15.0KB)
2025-10-02 03:06:05 | INFO    | Removing old PNG: 306.png (14.9KB)
2025-10-02 03:06:05 | INFO    | Removing old PNG: 307.png (14.5KB)
2025-10-02 03:06:05 | INFO    | Removing old PNG: 308.png (15.2KB)
2025-10-02 03:06:05 | INFO    | Removing old PNG: 309.png (15.0KB)
2025-10-02 03:06:06 | INFO    | Removing old PNG: 310.png (14.2KB)
2025-10-02 03:06:06 | INFO    | Removing old PNG: 311.png (14.6KB)
2025-10-02 03:06:06 | INFO    | Removing old PNG: 312.png (14.5KB)
2025-10-02 03:06:06 | INFO    | Removing old PNG: 313.png (14.5KB)
2025-10-02 03:06:06 | INFO    | Removing old PNG: 314.png (15.2KB)
2025-10-02 03:06:06 | INFO    | Removing old PNG: 315.png (15.5KB)
2025-10-02 03:06:06 | INFO    | Removing old PNG: 316.png (15.6KB)
2025-10-02 03:06:06 | INFO    | Removing old PNG: 317.png (15.2KB)
2025-10-02 03:06:06 | INFO    | Removing old PNG: 318.png (15.3KB)
2025-10-02 03:06:06 | INFO    | Removing old PNG: 319.png (15.4KB)
2025-10-02 03:06:06 | INFO    | Removing old PNG: 320.png (15.3KB)
2025-10-02 03:06:06 | INFO    | Removing old PNG: 321.png (15.3KB)
2025-10-02 03:06:06 | INFO    | Removing old PNG: 322.png (15.1KB)
2025-10-02 03:06:06 | INFO    | Removing old PNG: 323.png (15.3KB)
2025-10-02 03:06:06 | INFO    | Removing old PNG: 324.png (15.2KB)
2025-10-02 03:06:06 | INFO    | Removing old PNG: 325.png (15.4KB)
2025-10-02 03:06:06 | INFO    | Removing old PNG: 326.png (14.8KB)
2025-10-02 03:06:06 | INFO    | Removing old PNG: 327.png (14.7KB)
2025-10-02 03:06:06 | INFO    | Removing old PNG: 328.png (15.0KB)
2025-10-02 03:06:06 | INFO    | Removing old PNG: 329.png (15.4KB)
2025-10-02 03:06:06 | INFO    | Removing old PNG: 330.png (15.6KB)
2025-10-02 03:06:06 | INFO    | Removing old PNG: 331.png (15.1KB)
2025-10-02 03:06:06 | INFO    | Removing old PNG: 332.png (14.9KB)
2025-10-02 03:06:06 | INFO    | Removing old PNG: 333.png (14.5KB)
2025-10-02 03:06:06 | INFO    | Removing old PNG: 334.png (14.7KB)
2025-10-02 03:06:06 | INFO    | Removing old PNG: 335.png (14.9KB)
2025-10-02 03:06:06 | INFO    | Removing old PNG: 336.png (14.3KB)
2025-10-02 03:06:06 | INFO    | Removing old PNG: 337.png (14.8KB)
2025-10-02 03:06:06 | INFO    | Removing old PNG: 338.png (14.6KB)
2025-10-02 03:06:06 | INFO    | Removing old PNG: 339.png (14.4KB)
2025-10-02 03:06:06 | INFO    | Removing old PNG: 340.png (14.7KB)
2025-10-02 03:06:06 | INFO    | Removing old PNG: 341.png (15.2KB)
2025-10-02 03:06:06 | INFO    | Removing old PNG: 342.png (15.0KB)
2025-10-02 03:06:06 | INFO    | Removing old PNG: 343.png (14.8KB)
2025-10-02 03:06:06 | INFO    | Removing old PNG: 344.png (14.8KB)
2025-10-02 03:06:06 | INFO    | Removing old PNG: 345.png (15.3KB)
2025-10-02 03:06:06 | INFO    | Removing old PNG: 346.png (15.5KB)
2025-10-02 03:06:06 | INFO    | Removing old PNG: 347.png (15.1KB)
2025-10-02 03:06:06 | INFO    | Removing old PNG: 348.png (14.8KB)
2025-10-02 03:06:06 | INFO    | Removing old PNG: 349.png (15.3KB)
2025-10-02 03:06:06 | INFO    | Removing old PNG: 350.png (15.3KB)
2025-10-02 03:06:06 | INFO    | Removing old PNG: 351.png (15.0KB)
2025-10-02 03:06:06 | INFO    | Removing old PNG: 352.png (14.9KB)
2025-10-02 03:06:06 | INFO    | Removing old PNG: 353.png (14.6KB)
2025-10-02 03:06:06 | INFO    | Removing old PNG: 354.png (14.6KB)
2025-10-02 03:06:06 | INFO    | Removing old PNG: 355.png (15.1KB)
2025-10-02 03:06:06 | INFO    | Removing old PNG: 356.png (14.9KB)
2025-10-02 03:06:06 | INFO    | Removing old PNG: 357.png (14.7KB)
2025-10-02 03:06:06 | INFO    | Removing old PNG: 358.png (14.5KB)
2025-10-02 03:06:06 | INFO    | Removing old PNG: 359.png (14.4KB)
2025-10-02 03:06:06 | INFO    | Removing old PNG: 360.png (14.8KB)
2025-10-02 03:06:06 | INFO    | Removing old PNG: 361.png (14.1KB)
2025-10-02 03:06:06 | INFO    | Removing old PNG: 362.png (14.4KB)
2025-10-02 03:06:06 | INFO    | Removing old PNG: 363.png (14.6KB)
2025-10-02 03:06:06 | INFO    | Removing old PNG: 364.png (14.2KB)
2025-10-02 03:06:06 | INFO    | Removing old PNG: 365.png (14.9KB)
2025-10-02 03:06:06 | INFO    | Removing old PNG: 366.png (14.9KB)
2025-10-02 03:06:06 | INFO    | Removing old PNG: 367.png (15.3KB)
2025-10-02 03:06:06 | INFO    | Removing old PNG: 368.png (15.2KB)
2025-10-02 03:06:06 | INFO    | Removing old PNG: 369.png (15.3KB)
2025-10-02 03:06:06 | INFO    | Removing old PNG: 370.png (15.0KB)
2025-10-02 03:06:06 | INFO    | Removing old PNG: 371.png (15.3KB)
2025-10-02 03:06:06 | INFO    | Removing old PNG: 372.png (15.3KB)
2025-10-02 03:06:06 | INFO    | Removing old PNG: 373.png (14.6KB)
2025-10-02 03:06:06 | INFO    | Removing old PNG: 374.png (15.2KB)
2025-10-02 03:06:06 | INFO    | Removing old PNG: 375.png (14.9KB)
2025-10-02 03:06:06 | INFO    | Removing old PNG: 376.png (14.8KB)
2025-10-02 03:06:06 | INFO    | Removing old PNG: 377.png (14.8KB)
2025-10-02 03:06:06 | INFO    | Removing old PNG: 378.png (14.6KB)
2025-10-02 03:06:06 | INFO    | Removing old PNG: 379.png (14.2KB)
2025-10-02 03:06:06 | INFO    | Removing old PNG: 380.png (15.3KB)
2025-10-02 03:06:06 | INFO    | Removing old PNG: 381.png (14.9KB)
2025-10-02 03:06:06 | INFO    | Removing old PNG: 382.png (14.5KB)
2025-10-02 03:06:06 | INFO    | Removing old PNG: 383.png (14.4KB)
2025-10-02 03:06:06 | INFO    | Removing old PNG: 384.png (14.2KB)
2025-10-02 03:06:06 | INFO    | Removing old PNG: 385.png (14.3KB)
2025-10-02 03:06:06 | INFO    | Removing old PNG: 386.png (14.4KB)
2025-10-02 03:06:06 | INFO    | Removing old PNG: 387.png (14.6KB)
2025-10-02 03:06:06 | INFO    | Removing old PNG: 388.png (14.2KB)
2025-10-02 03:06:06 | INFO    | Removing old PNG: 389.png (14.6KB)
2025-10-02 03:06:06 | INFO    | Removing old PNG: 390.png (14.7KB)
2025-10-02 03:06:06 | INFO    | Removing old PNG: 391.png (15.0KB)
2025-10-02 03:06:06 | INFO    | Removing old PNG: 392.png (14.6KB)
2025-10-02 03:06:06 | INFO    | Removing old PNG: 393.png (14.8KB)
2025-10-02 03:06:06 | INFO    | Removing old PNG: 394.png (14.0KB)
2025-10-02 03:06:06 | INFO    | Removing old PNG: 395.png (14.3KB)
2025-10-02 03:06:06 | INFO    | Removing old PNG: 396.png (14.1KB)
2025-10-02 03:06:06 | INFO    | Removing old PNG: 397.png (13.9KB)
2025-10-02 03:06:06 | INFO    | Removing old PNG: 398.png (13.8KB)
2025-10-02 03:06:06 | INFO    | Removing old PNG: 399.png (13.7KB)
2025-10-02 03:06:06 | INFO    | Removing old PNG: 400.png (13.4KB)
2025-10-02 03:06:06 | INFO    | Removing old PNG: 401.png (13.5KB)
2025-10-02 03:06:06 | INFO    | Removing old PNG: 402.png (12.8KB)
2025-10-02 03:06:06 | INFO    | Removing old PNG: 403.png (13.2KB)
2025-10-02 03:06:06 | INFO    | Removing old PNG: 404.png (13.1KB)
2025-10-02 03:06:06 | INFO    | Removing old PNG: 405.png (12.9KB)
2025-10-02 03:06:06 | INFO    | Removing old PNG: 406.png (12.9KB)
2025-10-02 03:06:06 | INFO    | Removing old PNG: 407.png (13.3KB)
2025-10-02 03:06:06 | INFO    | Removing old PNG: 408.png (13.3KB)
2025-10-02 03:06:06 | INFO    | Removing old PNG: 409.png (13.3KB)
2025-10-02 03:06:06 | INFO    | Removing old PNG: 410.png (13.3KB)
2025-10-02 03:06:06 | INFO    | Removing old PNG: 411.png (13.5KB)
2025-10-02 03:06:06 | INFO    | Removing old PNG: 412.png (13.5KB)
2025-10-02 03:06:06 | INFO    | Removing old PNG: 413.png (13.7KB)
2025-10-02 03:06:06 | INFO    | Removing old PNG: 414.png (13.4KB)
2025-10-02 03:06:06 | INFO    | Removing old PNG: 415.png (13.2KB)
2025-10-02 03:06:06 | INFO    | Removing old PNG: 416.png (13.5KB)
2025-10-02 03:06:06 | INFO    | Removing old PNG: 417.png (13.8KB)
2025-10-02 03:06:06 | INFO    | Removing old PNG: 418.png (13.9KB)
2025-10-02 03:06:06 | INFO    | Removing old PNG: 419.png (14.0KB)
2025-10-02 03:06:06 | INFO    | Removing old PNG: 420.png (14.2KB)
2025-10-02 03:06:06 | INFO    | Removing old PNG: 421.png (14.1KB)
2025-10-02 03:06:06 | INFO    | Removing old PNG: 422.png (14.3KB)
2025-10-02 03:06:06 | INFO    | Removing old PNG: 423.png (14.3KB)
2025-10-02 03:06:06 | INFO    | Removing old PNG: 424.png (14.3KB)
2025-10-02 03:06:06 | INFO    | Removing old PNG: 425.png (14.2KB)
2025-10-02 03:06:06 | INFO    | Removing old PNG: 426.png (14.1KB)
2025-10-02 03:06:06 | INFO    | Removing old PNG: 427.png (14.2KB)
2025-10-02 03:06:06 | INFO    | Removing old PNG: 428.png (14.3KB)
2025-10-02 03:06:06 | INFO    | Removing old PNG: 429.png (14.2KB)
2025-10-02 03:06:06 | INFO    | Removing old PNG: 430.png (14.4KB)
2025-10-02 03:06:06 | INFO    | Removing old PNG: 431.png (14.4KB)
2025-10-02 03:06:06 | INFO    | Removing old PNG: 432.png (14.3KB)
2025-10-02 03:06:06 | INFO    | Removing old PNG: 433.png (14.2KB)
2025-10-02 03:06:06 | INFO    | Removing old PNG: 434.png (14.2KB)
2025-10-02 03:06:06 | INFO    | Removing old PNG: 435.png (14.2KB)
2025-10-02 03:06:06 | INFO    | Removing old PNG: 436.png (14.4KB)
2025-10-02 03:06:06 | INFO    | Removing old PNG: 437.png (14.1KB)
2025-10-02 03:06:06 | INFO    | Removing old PNG: 438.png (13.7KB)
2025-10-02 03:06:06 | INFO    | Removing old PNG: 439.png (13.2KB)
2025-10-02 03:06:06 | INFO    | Removing old PNG: 440.png (13.0KB)
2025-10-02 03:06:06 | INFO    | Removing old PNG: 441.png (12.8KB)
2025-10-02 03:06:06 | INFO    | Removing old PNG: 442.png (13.1KB)
2025-10-02 03:06:06 | INFO    | Removing old PNG: 443.png (14.0KB)
2025-10-02 03:06:06 | INFO    | Removing old PNG: 444.png (13.7KB)
2025-10-02 03:06:06 | INFO    | Removing old PNG: 445.png (13.2KB)
2025-10-02 03:06:06 | INFO    | Removing old PNG: 446.png (12.7KB)
2025-10-02 03:06:06 | INFO    | Removing old PNG: 447.png (12.5KB)
2025-10-02 03:06:06 | INFO    | Removing old PNG: 448.png (12.8KB)
2025-10-02 03:06:06 | INFO    | Removing old PNG: 449.png (12.8KB)
2025-10-02 03:06:06 | INFO    | Removing old PNG: 450.png (12.6KB)
2025-10-02 03:06:06 | INFO    | Removing old PNG: 451.png (13.0KB)
2025-10-02 03:06:06 | INFO    | Removing old PNG: 452.png (13.0KB)
2025-10-02 03:06:06 | INFO    | Removing old PNG: 453.png (12.5KB)
2025-10-02 03:06:06 | INFO    | Removing old PNG: 454.png (12.6KB)
2025-10-02 03:06:06 | INFO    | Removing old PNG: 455.png (13.0KB)
2025-10-02 03:06:06 | INFO    | Removing old PNG: 456.png (13.2KB)
2025-10-02 03:06:06 | INFO    | Removing old PNG: 457.png (13.3KB)
2025-10-02 03:06:06 | INFO    | Removing old PNG: 458.png (13.3KB)
2025-10-02 03:06:06 | INFO    | Removing old PNG: 459.png (13.3KB)
2025-10-02 03:06:06 | INFO    | Removing old PNG: 460.png (13.4KB)
2025-10-02 03:06:06 | INFO    | Removing old PNG: 461.png (13.5KB)
2025-10-02 03:06:06 | INFO    | Removing old PNG: 462.png (13.6KB)
2025-10-02 03:06:06 | INFO    | Removing old PNG: 463.png (13.4KB)
2025-10-02 03:06:06 | INFO    | Removing old PNG: 464.png (13.2KB)
2025-10-02 03:06:06 | INFO    | Removing old PNG: 465.png (13.2KB)
2025-10-02 03:06:06 | INFO    | Removing old PNG: 466.png (13.3KB)
2025-10-02 03:06:06 | INFO    | Removing old PNG: 467.png (13.3KB)
2025-10-02 03:06:06 | INFO    | Removing old PNG: 468.png (13.3KB)
2025-10-02 03:06:06 | INFO    | Removing old PNG: 469.png (13.2KB)
2025-10-02 03:06:06 | INFO    | Removing old PNG: 470.png (13.6KB)
2025-10-02 03:06:06 | INFO    | Removing old PNG: 471.png (13.7KB)
2025-10-02 03:06:06 | INFO    | Removing old PNG: 472.png (13.6KB)
2025-10-02 03:06:06 | INFO    | Removing old PNG: 473.png (13.4KB)
2025-10-02 03:06:06 | INFO    | Removing old PNG: 474.png (13.0KB)
2025-10-02 03:06:06 | INFO    | Removing old PNG: 475.png (13.4KB)
2025-10-02 03:06:06 | INFO    | Removing old PNG: 476.png (13.0KB)
2025-10-02 03:06:06 | INFO    | Removing old PNG: 477.png (13.2KB)
2025-10-02 03:06:06 | INFO    | Removing old PNG: 478.png (13.0KB)
2025-10-02 03:06:06 | INFO    | Removing old PNG: 479.png (12.8KB)
2025-10-02 03:06:06 | INFO    | Removing old PNG: 480.png (13.0KB)
2025-10-02 03:06:06 | INFO    | Removing old PNG: 481.png (13.1KB)
2025-10-02 03:06:06 | INFO    | Removing old PNG: 482.png (12.6KB)
2025-10-02 03:06:06 | INFO    | Removing old PNG: 483.png (12.8KB)
2025-10-02 03:06:06 | INFO    | Removing old PNG: 484.png (13.2KB)
2025-10-02 03:06:06 | INFO    | Removing old PNG: 485.png (13.3KB)
2025-10-02 03:06:06 | INFO    | Removing old PNG: 486.png (13.7KB)
2025-10-02 03:06:06 | INFO    | Removing old PNG: 487.png (13.4KB)
2025-10-02 03:06:06 | INFO    | Removing old PNG: 488.png (13.4KB)
2025-10-02 03:06:06 | INFO    | Removing old PNG: 489.png (13.1KB)
2025-10-02 03:06:06 | INFO    | Removing old PNG: 490.png (14.0KB)
2025-10-02 03:06:06 | INFO    | Removing old PNG: 491.png (14.0KB)
2025-10-02 03:06:06 | INFO    | Removing old PNG: 492.png (13.4KB)
2025-10-02 03:06:06 | INFO    | Removing old PNG: 493.png (14.2KB)
2025-10-02 03:06:06 | INFO    | Removing old PNG: 494.png (13.4KB)
2025-10-02 03:06:06 | INFO    | Removing old PNG: 495.png (13.3KB)
2025-10-02 03:06:06 | INFO    | Removing old PNG: 496.png (13.0KB)
2025-10-02 03:06:06 | INFO    | Removing old PNG: 497.png (13.1KB)
2025-10-02 03:06:06 | INFO    | Removing old PNG: 498.png (13.0KB)
2025-10-02 03:06:06 | INFO    | Removing old PNG: 499.png (13.1KB)
2025-10-02 03:06:06 | INFO    | Removing old PNG: 500.png (13.2KB)
2025-10-02 03:06:06 | INFO    | Removing old PNG: 501.png (12.6KB)
2025-10-02 03:06:06 | INFO    | Removing old PNG: 502.png (13.1KB)
2025-10-02 03:06:06 | INFO    | Removing old PNG: 503.png (13.4KB)
2025-10-02 03:06:06 | INFO    | Removing old PNG: 504.png (13.5KB)
2025-10-02 03:06:06 | INFO    | Removing old PNG: 505.png (13.4KB)
2025-10-02 03:06:06 | INFO    | Removing old PNG: 506.png (13.1KB)
2025-10-02 03:06:06 | INFO    | Removing old PNG: 507.png (13.6KB)
2025-10-02 03:06:06 | INFO    | Removing old PNG: 508.png (13.2KB)
2025-10-02 03:06:06 | INFO    | Removing old PNG: 509.png (13.3KB)
2025-10-02 03:06:06 | INFO    | Removing old PNG: 510.png (13.3KB)
2025-10-02 03:06:06 | INFO    | Removing old PNG: 511.png (13.6KB)
2025-10-02 03:06:06 | INFO    | Removing old PNG: 512.png (13.3KB)
2025-10-02 03:06:06 | INFO    | Removing old PNG: 513.png (13.3KB)
2025-10-02 03:06:06 | INFO    | Removing old PNG: 514.png (13.2KB)
2025-10-02 03:06:06 | INFO    | Removing old PNG: 515.png (13.1KB)
2025-10-02 03:06:06 | INFO    | Removing old PNG: 516.png (13.2KB)
2025-10-02 03:06:06 | INFO    | Removing old PNG: 517.png (12.8KB)
2025-10-02 03:06:06 | INFO    | Removing old PNG: 518.png (12.6KB)
2025-10-02 03:06:06 | INFO    | Removing old PNG: 519.png (13.0KB)
2025-10-02 03:06:06 | INFO    | Removing old PNG: 520.png (13.0KB)
2025-10-02 03:06:06 | INFO    | Removing old PNG: 521.png (13.2KB)
2025-10-02 03:06:06 | INFO    | Removing old PNG: 522.png (12.9KB)
2025-10-02 03:06:06 | INFO    | Removing old PNG: 523.png (13.2KB)
2025-10-02 03:06:06 | INFO    | Removing old PNG: 524.png (12.7KB)
2025-10-02 03:06:06 | INFO    | Removing old PNG: 525.png (12.5KB)
2025-10-02 03:06:06 | INFO    | Removing old PNG: 526.png (12.4KB)
2025-10-02 03:06:06 | INFO    | Removing old PNG: 527.png (12.6KB)
2025-10-02 03:06:06 | INFO    | Removing old PNG: 528.png (12.5KB)
2025-10-02 03:06:06 | INFO    | Removing old PNG: 529.png (12.3KB)
2025-10-02 03:06:06 | INFO    | Removing old PNG: 530.png (12.5KB)
2025-10-02 03:06:06 | INFO    | Removing old PNG: 531.png (12.4KB)
2025-10-02 03:06:06 | INFO    | Removing old PNG: 532.png (12.5KB)
2025-10-02 03:06:06 | INFO    | Removing old PNG: 533.png (12.6KB)
2025-10-02 03:06:06 | INFO    | Removing old PNG: 534.png (12.8KB)
2025-10-02 03:06:06 | INFO    | Removing old PNG: 535.png (12.6KB)
2025-10-02 03:06:06 | INFO    | Removing old PNG: 536.png (12.7KB)
2025-10-02 03:06:06 | INFO    | Removing old PNG: 537.png (13.0KB)
2025-10-02 03:06:06 | INFO    | Removing old PNG: 538.png (13.2KB)
2025-10-02 03:06:06 | INFO    | Removing old PNG: 539.png (14.8KB)
2025-10-02 03:06:06 | INFO    | Removing old PNG: 540.png (16.2KB)
2025-10-02 03:06:06 | INFO    | Removing old PNG: 541.png (17.1KB)
2025-10-02 03:06:06 | INFO    | Removing old PNG: 542.png (18.5KB)
2025-10-02 03:06:06 | INFO    | Removing old PNG: 543.png (19.1KB)
2025-10-02 03:06:06 | INFO    | Removing old PNG: 544.png (20.1KB)
2025-10-02 03:06:06 | INFO    | Removing old PNG: 545.png (20.7KB)
2025-10-02 03:06:06 | INFO    | Removing old PNG: 546.png (23.0KB)
2025-10-02 03:06:06 | INFO    | Removing old PNG: 547.png (22.1KB)
2025-10-02 03:06:06 | INFO    | Removing old PNG: 548.png (23.1KB)
2025-10-02 03:06:06 | INFO    | Removing old PNG: 549.png (22.7KB)
2025-10-02 03:06:06 | INFO    | Removing old PNG: 550.png (22.9KB)
2025-10-02 03:06:06 | INFO    | Removing old PNG: 551.png (22.7KB)
2025-10-02 03:06:06 | INFO    | Removing old PNG: 552.png (22.6KB)
2025-10-02 03:06:06 | INFO    | Removing old PNG: 553.png (22.2KB)
2025-10-02 03:06:06 | INFO    | Removing old PNG: 554.png (22.8KB)
2025-10-02 03:06:06 | INFO    | Removing old PNG: 555.png (22.4KB)
2025-10-02 03:06:06 | INFO    | Removing old PNG: 556.png (22.4KB)
2025-10-02 03:06:06 | INFO    | Removing old PNG: 557.png (22.6KB)
2025-10-02 03:06:06 | INFO    | Removing old PNG: 558.png (22.2KB)
2025-10-02 03:06:06 | INFO    | Removing old PNG: 559.png (22.1KB)
2025-10-02 03:06:06 | INFO    | Removing old PNG: 560.png (22.0KB)
2025-10-02 03:06:06 | INFO    | Removing old PNG: 561.png (22.1KB)
2025-10-02 03:06:06 | INFO    | Removing old PNG: 562.png (22.2KB)
2025-10-02 03:06:06 | INFO    | Removing old PNG: 563.png (22.8KB)
2025-10-02 03:06:06 | INFO    | Removing old PNG: 564.png (22.6KB)
2025-10-02 03:06:06 | INFO    | Removing old PNG: 565.png (22.8KB)
2025-10-02 03:06:06 | INFO    | Removing old PNG: 566.png (23.0KB)
2025-10-02 03:06:06 | INFO    | Removing old PNG: 567.png (21.3KB)
2025-10-02 03:06:06 | INFO    | Removing old PNG: 568.png (22.7KB)
2025-10-02 03:06:06 | INFO    | Removing old PNG: 569.png (22.9KB)
2025-10-02 03:06:06 | INFO    | Removing old PNG: 570.png (23.4KB)
2025-10-02 03:06:06 | INFO    | Removing old PNG: 571.png (24.2KB)
2025-10-02 03:06:06 | INFO    | Removing old PNG: 572.png (24.8KB)
2025-10-02 03:06:06 | INFO    | Removing old PNG: 573.png (24.9KB)
2025-10-02 03:06:06 | INFO    | Removing old PNG: 574.png (25.3KB)
2025-10-02 03:06:06 | INFO    | Removing old PNG: 575.png (25.7KB)
2025-10-02 03:06:06 | INFO    | Removing old PNG: 576.png (26.6KB)
2025-10-02 03:06:06 | INFO    | Removing old PNG: 577.png (26.5KB)
2025-10-02 03:06:06 | INFO    | Removing old PNG: 578.png (28.2KB)
2025-10-02 03:06:06 | INFO    | Removing old PNG: 579.png (26.8KB)
2025-10-02 03:06:06 | INFO    | Removing old PNG: 580.png (27.5KB)
2025-10-02 03:06:06 | INFO    | Removing old PNG: 581.png (24.8KB)
2025-10-02 03:06:06 | INFO    | Removing old PNG: 582.png (25.9KB)
2025-10-02 03:06:06 | INFO    | Removing old PNG: 583.png (25.3KB)
2025-10-02 03:06:06 | INFO    | Removing old PNG: 584.png (22.3KB)
2025-10-02 03:06:06 | INFO    | Removing old PNG: 585.png (22.1KB)
2025-10-02 03:06:06 | INFO    | Removing old PNG: 586.png (22.1KB)
2025-10-02 03:06:06 | INFO    | Removing old PNG: 587.png (22.0KB)
2025-10-02 03:06:06 | INFO    | Removing old PNG: 588.png (22.1KB)
2025-10-02 03:06:06 | INFO    | Removing old PNG: 589.png (21.7KB)
2025-10-02 03:06:06 | INFO    | Removing old PNG: 590.png (22.8KB)
2025-10-02 03:06:06 | INFO    | Removing old PNG: 591.png (22.9KB)
2025-10-02 03:06:06 | INFO    | Removing old PNG: 592.png (22.0KB)
2025-10-02 03:06:06 | INFO    | Removing old PNG: 593.png (22.7KB)
2025-10-02 03:06:06 | INFO    | Removing old PNG: 594.png (22.8KB)
2025-10-02 03:06:06 | INFO    | Removing old PNG: 595.png (23.1KB)
2025-10-02 03:06:06 | INFO    | Removing old PNG: 596.png (22.7KB)
2025-10-02 03:06:06 | INFO    | Removing old PNG: 597.png (23.1KB)
2025-10-02 03:06:06 | INFO    | Removing old PNG: 598.png (23.0KB)
2025-10-02 03:06:06 | INFO    | Removing old PNG: 599.png (23.3KB)
2025-10-02 03:06:06 | INFO    | Removing old PNG: 600.png (24.0KB)
2025-10-02 03:06:06 | INFO    | Removing old PNG: 601.png (24.8KB)
2025-10-02 03:06:06 | INFO    | Removing old PNG: 602.png (25.0KB)
2025-10-02 03:06:06 | INFO    | Removing old PNG: 603.png (24.3KB)
2025-10-02 03:06:06 | INFO    | Removing old PNG: 604.png (24.6KB)
2025-10-02 03:06:06 | INFO    | Removing old PNG: 605.png (25.0KB)
2025-10-02 03:06:06 | INFO    | Removing old PNG: 606.png (24.8KB)
2025-10-02 03:06:06 | INFO    | Removing old PNG: 607.png (25.1KB)
2025-10-02 03:06:06 | INFO    | Removing old PNG: 608.png (25.1KB)
2025-10-02 03:06:06 | INFO    | Removing old PNG: 609.png (24.8KB)
2025-10-02 03:06:06 | INFO    | Removing old PNG: 610.png (25.1KB)
2025-10-02 03:06:06 | INFO    | Removing old PNG: 611.png (25.0KB)
2025-10-02 03:06:06 | INFO    | Removing old PNG: 612.png (24.2KB)
2025-10-02 03:06:06 | INFO    | Removing old PNG: 613.png (23.5KB)
2025-10-02 03:06:06 | INFO    | Removing old PNG: 614.png (22.8KB)
2025-10-02 03:06:06 | INFO    | Removing old PNG: 615.png (22.1KB)
2025-10-02 03:06:06 | INFO    | Removing old PNG: 616.png (21.6KB)
2025-10-02 03:06:06 | INFO    | Removing old PNG: 617.png (21.1KB)
2025-10-02 03:06:06 | INFO    | Removing old PNG: 618.png (20.8KB)
2025-10-02 03:06:06 | INFO    | Removing old PNG: 619.png (20.3KB)
2025-10-02 03:06:06 | INFO    | Removing old PNG: 620.png (19.5KB)
2025-10-02 03:06:06 | INFO    | Removing old PNG: 621.png (19.9KB)
2025-10-02 03:06:06 | INFO    | Removing old PNG: 622.png (18.5KB)
2025-10-02 03:06:06 | INFO    | Removing old PNG: 623.png (17.5KB)
2025-10-02 03:06:06 | INFO    | Removing old PNG: 624.png (17.2KB)
2025-10-02 03:06:06 | INFO    | Removing old PNG: 625.png (15.7KB)
2025-10-02 03:06:06 | INFO    | Removing old PNG: 626.png (14.8KB)
2025-10-02 03:06:06 | INFO    | Removing old PNG: 627.png (14.8KB)
2025-10-02 03:06:06 | INFO    | Removing old PNG: 628.png (14.4KB)
2025-10-02 03:06:06 | INFO    | Removing old PNG: 629.png (14.1KB)
2025-10-02 03:06:06 | INFO    | Removing old PNG: 630.png (14.7KB)
2025-10-02 03:06:06 | INFO    | Removing old PNG: 631.png (14.6KB)
2025-10-02 03:06:06 | INFO    | Removing old PNG: 632.png (15.5KB)
2025-10-02 03:06:06 | INFO    | Removing old PNG: 633.png (14.8KB)
2025-10-02 03:06:06 | INFO    | Removing old PNG: 634.png (14.9KB)
2025-10-02 03:06:06 | INFO    | Removing old PNG: 635.png (14.7KB)
2025-10-02 03:06:06 | INFO    | Removing old PNG: 636.png (15.4KB)
2025-10-02 03:06:06 | INFO    | Removing old PNG: 637.png (14.5KB)
2025-10-02 03:06:06 | INFO    | Removing old PNG: 638.png (14.7KB)
2025-10-02 03:06:06 | INFO    | Removing old PNG: 639.png (14.8KB)
2025-10-02 03:06:06 | INFO    | Removing old PNG: 640.png (14.6KB)
2025-10-02 03:06:06 | INFO    | Removing old PNG: 641.png (14.8KB)
2025-10-02 03:06:06 | INFO    | Removing old PNG: 642.png (14.4KB)
2025-10-02 03:06:06 | INFO    | Removing old PNG: 643.png (14.1KB)
2025-10-02 03:06:06 | INFO    | Removing old PNG: 644.png (14.1KB)
2025-10-02 03:06:06 | INFO    | Removing old PNG: 645.png (13.9KB)
2025-10-02 03:06:06 | INFO    | Removing old PNG: 646.png (14.5KB)
2025-10-02 03:06:06 | INFO    | Removing old PNG: 647.png (14.3KB)
2025-10-02 03:06:06 | INFO    | Removing old PNG: 648.png (14.2KB)
2025-10-02 03:06:06 | INFO    | Removing old PNG: 649.png (14.2KB)
2025-10-02 03:06:06 | INFO    | Removing old PNG: 650.png (14.2KB)
2025-10-02 03:06:06 | INFO    | Removing old PNG: 651.png (14.2KB)
2025-10-02 03:06:06 | INFO    | Removing old PNG: 652.png (14.2KB)
2025-10-02 03:06:06 | INFO    | Removing old PNG: 653.png (14.7KB)
2025-10-02 03:06:06 | INFO    | Removing old PNG: 654.png (15.1KB)
2025-10-02 03:06:06 | INFO    | Removing old PNG: 655.png (15.2KB)
2025-10-02 03:06:06 | INFO    | Removing old PNG: 656.png (14.8KB)
2025-10-02 03:06:06 | INFO    | Removing old PNG: 657.png (14.4KB)
2025-10-02 03:06:06 | INFO    | Removing old PNG: 658.png (14.2KB)
2025-10-02 03:06:06 | INFO    | Removing old PNG: 659.png (14.8KB)
2025-10-02 03:06:06 | INFO    | Removing old PNG: 660.png (15.1KB)
2025-10-02 03:06:06 | INFO    | Removing old PNG: 661.png (14.4KB)
2025-10-02 03:06:06 | INFO    | Removing old PNG: 662.png (14.4KB)
2025-10-02 03:06:06 | INFO    | Removing old PNG: 663.png (14.4KB)
2025-10-02 03:06:06 | INFO    | Removing old PNG: 664.png (14.7KB)
2025-10-02 03:06:06 | INFO    | Removing old PNG: 665.png (14.3KB)
2025-10-02 03:06:06 | INFO    | Removing old PNG: 666.png (14.2KB)
2025-10-02 03:06:06 | INFO    | Removing old PNG: 667.png (13.9KB)
2025-10-02 03:06:06 | INFO    | Removing old PNG: 668.png (14.7KB)
2025-10-02 03:06:06 | INFO    | Removing old PNG: 669.png (14.3KB)
2025-10-02 03:06:06 | INFO    | Removing old PNG: 670.png (14.3KB)
2025-10-02 03:06:06 | INFO    | Removing old PNG: 671.png (14.6KB)
2025-10-02 03:06:06 | INFO    | Removing old PNG: 672.png (14.7KB)
2025-10-02 03:06:06 | INFO    | Removing old PNG: 673.png (14.7KB)
2025-10-02 03:06:06 | INFO    | Removing old PNG: 674.png (14.2KB)
2025-10-02 03:06:06 | INFO    | Removing old PNG: 675.png (14.6KB)
2025-10-02 03:06:06 | INFO    | Removing old PNG: 676.png (14.5KB)
2025-10-02 03:06:06 | INFO    | Removing old PNG: 677.png (14.1KB)
2025-10-02 03:06:06 | INFO    | Removing old PNG: 678.png (14.2KB)
2025-10-02 03:06:06 | INFO    | Removing old PNG: 679.png (14.0KB)
2025-10-02 03:06:06 | INFO    | Removing old PNG: 680.png (14.0KB)
2025-10-02 03:06:06 | INFO    | Removing old PNG: 681.png (14.2KB)
2025-10-02 03:06:06 | INFO    | Removing old PNG: 682.png (13.8KB)
2025-10-02 03:06:06 | INFO    | Removing old PNG: 683.png (13.7KB)
2025-10-02 03:06:06 | INFO    | Removing old PNG: 684.png (14.2KB)
2025-10-02 03:06:06 | INFO    | Removing old PNG: 685.png (14.2KB)
2025-10-02 03:06:06 | INFO    | Removing old PNG: 686.png (14.6KB)
2025-10-02 03:06:06 | INFO    | Removing old PNG: 687.png (14.5KB)
2025-10-02 03:06:06 | INFO    | Removing old PNG: 688.png (14.5KB)
2025-10-02 03:06:06 | INFO    | Removing old PNG: 689.png (14.5KB)
2025-10-02 03:06:06 | INFO    | Removing old PNG: 690.png (13.8KB)
2025-10-02 03:06:06 | INFO    | Removing old PNG: 691.png (14.2KB)
2025-10-02 03:06:06 | INFO    | Removing old PNG: 692.png (14.6KB)
2025-10-02 03:06:06 | INFO    | Removing old PNG: 693.png (14.5KB)
2025-10-02 03:06:06 | INFO    | Removing old PNG: 694.png (14.7KB)
2025-10-02 03:06:06 | INFO    | Removing old PNG: 695.png (14.1KB)
2025-10-02 03:06:06 | INFO    | Removing old PNG: 696.png (14.6KB)
2025-10-02 03:06:06 | INFO    | Removing old PNG: 697.png (14.2KB)
2025-10-02 03:06:06 | INFO    | Removing old PNG: 698.png (14.2KB)
2025-10-02 03:06:06 | INFO    | Removing old PNG: 699.png (14.0KB)
2025-10-02 03:06:06 | INFO    | Removing old PNG: 700.png (14.3KB)
2025-10-02 03:06:06 | INFO    | Removing old PNG: 701.png (14.1KB)
2025-10-02 03:06:06 | INFO    | Removing old PNG: 702.png (14.3KB)
2025-10-02 03:06:06 | INFO    | Removing old PNG: 703.png (13.9KB)
2025-10-02 03:06:06 | INFO    | Removing old PNG: 704.png (13.6KB)
2025-10-02 03:06:06 | INFO    | Removing old PNG: 705.png (14.1KB)
2025-10-02 03:06:06 | INFO    | Removing old PNG: 706.png (13.7KB)
2025-10-02 03:06:06 | INFO    | Removing old PNG: 707.png (13.6KB)
2025-10-02 03:06:06 | INFO    | Removing old PNG: 708.png (13.5KB)
2025-10-02 03:06:06 | INFO    | Removing old PNG: 709.png (13.7KB)
2025-10-02 03:06:06 | INFO    | Removing old PNG: 710.png (13.9KB)
2025-10-02 03:06:06 | INFO    | Removing old PNG: 711.png (13.7KB)
2025-10-02 03:06:06 | INFO    | Removing old PNG: 712.png (13.9KB)
2025-10-02 03:06:06 | INFO    | Removing old PNG: 713.png (13.8KB)
2025-10-02 03:06:06 | INFO    | Removing old PNG: 714.png (13.9KB)
2025-10-02 03:06:06 | INFO    | Removing old PNG: 715.png (14.0KB)
2025-10-02 03:06:06 | INFO    | Removing old PNG: 716.png (14.7KB)
2025-10-02 03:06:06 | INFO    | Removing old PNG: 717.png (14.3KB)
2025-10-02 03:06:06 | INFO    | Removing old PNG: 718.png (14.5KB)
2025-10-02 03:06:06 | INFO    | Removing old PNG: 719.png (14.1KB)
2025-10-02 03:06:06 | INFO    | Removing old PNG: 720.png (14.8KB)
2025-10-02 03:06:06 | INFO    | Removing old PNG: 721.png (14.8KB)
2025-10-02 03:06:06 | INFO    | Removing old PNG: 722.png (14.0KB)
2025-10-02 03:06:06 | INFO    | Removing old PNG: 723.png (14.6KB)
2025-10-02 03:06:06 | INFO    | Removing old PNG: 724.png (13.9KB)
2025-10-02 03:06:06 | INFO    | Removing old PNG: 725.png (13.8KB)
2025-10-02 03:06:06 | INFO    | Removing old PNG: 726.png (13.9KB)
2025-10-02 03:06:06 | INFO    | Removing old PNG: 727.png (13.8KB)
2025-10-02 03:06:06 | INFO    | Removing old PNG: 728.png (14.0KB)
2025-10-02 03:06:06 | INFO    | Removing old PNG: 729.png (13.7KB)
2025-10-02 03:06:06 | INFO    | Removing old PNG: 730.png (13.6KB)
2025-10-02 03:06:06 | INFO    | Removing old PNG: 731.png (13.4KB)
2025-10-02 03:06:06 | INFO    | Removing old PNG: 732.png (13.2KB)
2025-10-02 03:06:06 | INFO    | Removing old PNG: 733.png (13.2KB)
2025-10-02 03:06:06 | INFO    | Removing old PNG: 734.png (13.5KB)
2025-10-02 03:06:06 | INFO    | Removing old PNG: 735.png (13.3KB)
2025-10-02 03:06:06 | INFO    | Removing old PNG: 736.png (13.4KB)
2025-10-02 03:06:06 | INFO    | Removing old PNG: 737.png (13.3KB)
2025-10-02 03:06:06 | INFO    | Removing old PNG: 738.png (13.8KB)
2025-10-02 03:06:06 | INFO    | Removing old PNG: 739.png (13.7KB)
2025-10-02 03:06:06 | INFO    | Removing old PNG: 740.png (13.7KB)
2025-10-02 03:06:06 | INFO    | Removing old PNG: 741.png (13.8KB)
2025-10-02 03:06:06 | INFO    | Removing old PNG: 742.png (14.2KB)
2025-10-02 03:06:06 | INFO    | Removing old PNG: 743.png (14.0KB)
2025-10-02 03:06:06 | INFO    | Removing old PNG: 744.png (14.3KB)
2025-10-02 03:06:06 | INFO    | Removing old PNG: 745.png (14.4KB)
2025-10-02 03:06:06 | INFO    | Removing old PNG: 746.png (14.4KB)
2025-10-02 03:06:06 | INFO    | Removing old PNG: 747.png (14.4KB)
2025-10-02 03:06:06 | INFO    | Removing old PNG: 748.png (14.5KB)
2025-10-02 03:06:06 | INFO    | Removing old PNG: 749.png (14.7KB)
2025-10-02 03:06:06 | INFO    | Removing old PNG: 750.png (14.6KB)
2025-10-02 03:06:06 | INFO    | Removing old PNG: 751.png (14.8KB)
2025-10-02 03:06:06 | INFO    | Removing old PNG: 752.png (15.0KB)
2025-10-02 03:06:06 | INFO    | Removing old PNG: 753.png (15.2KB)
2025-10-02 03:06:06 | INFO    | Removing old PNG: 754.png (14.6KB)
2025-10-02 03:06:06 | INFO    | Removing old PNG: 755.png (14.4KB)
2025-10-02 03:06:06 | INFO    | Removing old PNG: 756.png (14.6KB)
2025-10-02 03:06:06 | INFO    | Removing old PNG: 757.png (15.5KB)
2025-10-02 03:06:06 | INFO    | Removing old PNG: 758.png (15.8KB)
2025-10-02 03:06:06 | INFO    | Removing old PNG: 759.png (16.1KB)
2025-10-02 03:06:06 | INFO    | Removing old PNG: 760.png (16.0KB)
2025-10-02 03:06:06 | INFO    | Removing old PNG: 761.png (15.3KB)
2025-10-02 03:06:06 | INFO    | Removing old PNG: 762.png (15.5KB)
2025-10-02 03:06:06 | INFO    | Removing old PNG: 763.png (15.5KB)
2025-10-02 03:06:06 | INFO    | Removing old PNG: 764.png (15.5KB)
2025-10-02 03:06:06 | INFO    | Removing old PNG: 765.png (15.3KB)
2025-10-02 03:06:06 | INFO    | Removing old PNG: 766.png (15.2KB)
2025-10-02 03:06:06 | INFO    | Removing old PNG: 767.png (14.9KB)
2025-10-02 03:06:06 | INFO    | Removing old PNG: 768.png (14.9KB)
2025-10-02 03:06:06 | INFO    | Removing old PNG: 769.png (14.7KB)
2025-10-02 03:06:06 | INFO    | Removing old PNG: 770.png (15.1KB)
2025-10-02 03:06:06 | INFO    | Removing old PNG: 771.png (14.9KB)
2025-10-02 03:06:06 | INFO    | Removing old PNG: 772.png (14.9KB)
2025-10-02 03:06:06 | INFO    | Removing old PNG: 773.png (14.9KB)
2025-10-02 03:06:06 | INFO    | Removing old PNG: 774.png (14.8KB)
2025-10-02 03:06:06 | INFO    | Removing old PNG: 775.png (14.5KB)
2025-10-02 03:06:06 | INFO    | Removing old PNG: 776.png (14.5KB)
2025-10-02 03:06:06 | INFO    | Removing old PNG: 777.png (14.3KB)
2025-10-02 03:06:06 | INFO    | Removing old PNG: 778.png (14.1KB)
2025-10-02 03:06:06 | INFO    | Removing old PNG: 779.png (13.9KB)
2025-10-02 03:06:06 | INFO    | Removing old PNG: 780.png (13.9KB)
2025-10-02 03:06:06 | INFO    | Removing old PNG: 781.png (14.0KB)
2025-10-02 03:06:06 | INFO    | Removing old PNG: 782.png (13.6KB)
2025-10-02 03:06:06 | INFO    | Removing old PNG: 783.png (13.9KB)
2025-10-02 03:06:06 | INFO    | Removing old PNG: 784.png (13.9KB)
2025-10-02 03:06:06 | INFO    | Removing old PNG: 785.png (13.9KB)
2025-10-02 03:06:06 | INFO    | Removing old PNG: 786.png (13.9KB)
2025-10-02 03:06:06 | INFO    | Removing old PNG: 787.png (13.7KB)
2025-10-02 03:06:06 | INFO    | Removing old PNG: 788.png (13.5KB)
2025-10-02 03:06:06 | INFO    | Removing old PNG: 789.png (13.5KB)
2025-10-02 03:06:06 | INFO    | Removing old PNG: 790.png (12.9KB)
2025-10-02 03:06:06 | INFO    | Removing old PNG: 791.png (13.4KB)
2025-10-02 03:06:06 | INFO    | Removing old PNG: 792.png (13.5KB)
2025-10-02 03:06:06 | INFO    | Removing old PNG: 793.png (13.6KB)
2025-10-02 03:06:06 | INFO    | Removing old PNG: 794.png (13.2KB)
2025-10-02 03:06:06 | INFO    | Removing old PNG: 795.png (13.2KB)
2025-10-02 03:06:06 | INFO    | Removing old PNG: 796.png (14.0KB)
2025-10-02 03:06:06 | INFO    | Removing old PNG: 797.png (13.3KB)
2025-10-02 03:06:06 | INFO    | Removing old PNG: 798.png (13.5KB)
2025-10-02 03:06:06 | INFO    | Removing old PNG: 799.png (13.3KB)
2025-10-02 03:06:06 | INFO    | Removing old PNG: 800.png (13.2KB)
2025-10-02 03:06:06 | INFO    | Removing old PNG: 801.png (13.2KB)
2025-10-02 03:06:06 | INFO    | Removing old PNG: 802.png (13.2KB)
2025-10-02 03:06:06 | INFO    | Removing old PNG: 803.png (13.2KB)
2025-10-02 03:06:06 | INFO    | Removing old PNG: 804.png (13.0KB)
2025-10-02 03:06:06 | INFO    | Removing old PNG: 805.png (12.9KB)
2025-10-02 03:06:06 | INFO    | Removing old PNG: 806.png (12.7KB)
2025-10-02 03:06:06 | INFO    | Removing old PNG: 807.png (13.2KB)
2025-10-02 03:06:06 | INFO    | Removing old PNG: 808.png (13.2KB)
2025-10-02 03:06:06 | INFO    | Removing old PNG: 809.png (13.6KB)
2025-10-02 03:06:06 | INFO    | Removing old PNG: 810.png (13.3KB)
2025-10-02 03:06:06 | INFO    | Removing old PNG: 811.png (13.3KB)
2025-10-02 03:06:06 | INFO    | Removing old PNG: 812.png (13.5KB)
2025-10-02 03:06:06 | INFO    | Removing old PNG: 813.png (13.4KB)
2025-10-02 03:06:06 | INFO    | Removing old PNG: 814.png (13.3KB)
2025-10-02 03:06:06 | INFO    | Removing old PNG: 815.png (13.3KB)
2025-10-02 03:06:06 | INFO    | Removing old PNG: 816.png (13.4KB)
2025-10-02 03:06:06 | INFO    | Removing old PNG: 817.png (13.1KB)
2025-10-02 03:06:06 | INFO    | Removing old PNG: 818.png (13.2KB)
2025-10-02 03:06:06 | INFO    | Removing old PNG: 819.png (13.1KB)
2025-10-02 03:06:06 | INFO    | Removing old PNG: 820.png (13.0KB)
2025-10-02 03:06:06 | INFO    | Removing old PNG: 821.png (12.7KB)
2025-10-02 03:06:06 | INFO    | Removing old PNG: 822.png (12.7KB)
2025-10-02 03:06:06 | INFO    | Removing old PNG: 823.png (12.8KB)
2025-10-02 03:06:06 | INFO    | Removing old PNG: 824.png (12.7KB)
2025-10-02 03:06:06 | INFO    | Removing old PNG: 825.png (13.0KB)
2025-10-02 03:06:06 | INFO    | Removing old PNG: 826.png (12.7KB)
2025-10-02 03:06:06 | INFO    | Removing old PNG: 827.png (12.7KB)
2025-10-02 03:06:06 | INFO    | Removing old PNG: 828.png (12.9KB)
2025-10-02 03:06:06 | INFO    | Removing old PNG: 829.png (12.6KB)
2025-10-02 03:06:06 | INFO    | Removing old PNG: 830.png (12.6KB)
2025-10-02 03:06:06 | INFO    | Removing old PNG: 831.png (12.7KB)
2025-10-02 03:06:06 | INFO    | Removing old PNG: 832.png (12.8KB)
2025-10-02 03:06:06 | INFO    | Removing old PNG: 833.png (12.7KB)
2025-10-02 03:06:06 | INFO    | Removing old PNG: 834.png (13.0KB)
2025-10-02 03:06:06 | INFO    | Removing old PNG: 835.png (12.8KB)
2025-10-02 03:06:06 | INFO    | Removing old PNG: 836.png (12.8KB)
2025-10-02 03:06:06 | INFO    | Removing old PNG: 837.png (13.0KB)
2025-10-02 03:06:06 | INFO    | Removing old PNG: 838.png (13.2KB)
2025-10-02 03:06:06 | INFO    | Removing old PNG: 839.png (12.9KB)
2025-10-02 03:06:06 | INFO    | Removing old PNG: 840.png (13.0KB)
2025-10-02 03:06:06 | INFO    | Removing old PNG: 841.png (13.1KB)
2025-10-02 03:06:06 | INFO    | Removing old PNG: 842.png (13.0KB)
2025-10-02 03:06:06 | INFO    | Removing old PNG: 843.png (13.2KB)
2025-10-02 03:06:06 | INFO    | Removing old PNG: 844.png (13.0KB)
2025-10-02 03:06:06 | INFO    | Removing old PNG: 845.png (12.9KB)
2025-10-02 03:06:06 | INFO    | Removing old PNG: 846.png (12.8KB)
2025-10-02 03:06:06 | INFO    | Removing old PNG: 847.png (12.7KB)
2025-10-02 03:06:06 | INFO    | Removing old PNG: 848.png (12.6KB)
2025-10-02 03:06:06 | INFO    | Removing old PNG: 849.png (12.4KB)
2025-10-02 03:06:06 | INFO    | Removing old PNG: 850.png (12.5KB)
2025-10-02 03:06:06 | INFO    | Removing old PNG: 851.png (12.4KB)
2025-10-02 03:06:06 | INFO    | Removing old PNG: 852.png (12.6KB)
2025-10-02 03:06:06 | INFO    | Removing old PNG: 853.png (12.7KB)
2025-10-02 03:06:06 | INFO    | Removing old PNG: 854.png (12.6KB)
2025-10-02 03:06:06 | INFO    | Removing old PNG: 855.png (12.9KB)
2025-10-02 03:06:06 | INFO    | Removing old PNG: 856.png (13.1KB)
2025-10-02 03:06:06 | INFO    | Removing old PNG: 857.png (13.1KB)
2025-10-02 03:06:06 | INFO    | Removing old PNG: 858.png (13.0KB)
2025-10-02 03:06:06 | INFO    | Removing old PNG: 859.png (12.8KB)
2025-10-02 03:06:06 | INFO    | Removing old PNG: 860.png (12.9KB)
2025-10-02 03:06:06 | INFO    | Removing old PNG: 861.png (12.8KB)
2025-10-02 03:06:06 | INFO    | Removing old PNG: 862.png (12.5KB)
2025-10-02 03:06:06 | INFO    | Removing old PNG: 863.png (12.5KB)
2025-10-02 03:06:06 | INFO    | Removing old PNG: 864.png (12.7KB)
2025-10-02 03:06:06 | INFO    | Removing old PNG: 865.png (12.7KB)
2025-10-02 03:06:06 | INFO    | Removing old PNG: 866.png (12.8KB)
2025-10-02 03:06:06 | INFO    | Removing old PNG: 867.png (12.5KB)
2025-10-02 03:06:06 | INFO    | Removing old PNG: 868.png (12.5KB)
2025-10-02 03:06:06 | INFO    | Removing old PNG: 869.png (12.1KB)
2025-10-02 03:06:06 | INFO    | Removing old PNG: 870.png (12.3KB)
2025-10-02 03:06:06 | INFO    | Removing old PNG: 871.png (12.2KB)
2025-10-02 03:06:06 | INFO    | Removing old PNG: 872.png (12.3KB)
2025-10-02 03:06:06 | INFO    | Removing old PNG: 873.png (12.3KB)
2025-10-02 03:06:06 | INFO    | Removing old PNG: 874.png (12.4KB)
2025-10-02 03:06:06 | INFO    | Removing old PNG: 875.png (12.4KB)
2025-10-02 03:06:06 | INFO    | Removing old PNG: 876.png (12.5KB)
2025-10-02 03:06:06 | INFO    | Removing old PNG: 877.png (12.3KB)
2025-10-02 03:06:06 | INFO    | Removing old PNG: 878.png (12.9KB)
2025-10-02 03:06:06 | INFO    | Removing old PNG: 879.png (14.7KB)
2025-10-02 03:06:06 | INFO    | Removing old PNG: 880.png (16.2KB)
2025-10-02 03:06:06 | INFO    | Removing old PNG: 881.png (17.7KB)
2025-10-02 03:06:06 | INFO    | Removing old PNG: 882.png (19.5KB)
2025-10-02 03:06:06 | INFO    | Removing old PNG: 883.png (19.8KB)
2025-10-02 03:06:06 | INFO    | Removing old PNG: 884.png (21.5KB)
2025-10-02 03:06:06 | INFO    | Removing old PNG: 885.png (22.5KB)
2025-10-02 03:06:06 | INFO    | Removing old PNG: 886.png (23.8KB)
2025-10-02 03:06:06 | INFO    | Removing old PNG: 887.png (23.6KB)
2025-10-02 03:06:06 | INFO    | Removing old PNG: 888.png (23.8KB)
2025-10-02 03:06:06 | INFO    | Removing old PNG: 889.png (24.2KB)
2025-10-02 03:06:06 | INFO    | Removing old PNG: 890.png (23.8KB)
2025-10-02 03:06:06 | INFO    | Removing old PNG: 891.png (22.9KB)
2025-10-02 03:06:06 | INFO    | Removing old PNG: 892.png (23.2KB)
2025-10-02 03:06:06 | INFO    | Removing old PNG: 893.png (23.2KB)
2025-10-02 03:06:06 | INFO    | Removing old PNG: 894.png (22.2KB)
2025-10-02 03:06:06 | INFO    | Removing old PNG: 895.png (21.8KB)
2025-10-02 03:06:06 | INFO    | Removing old PNG: 896.png (22.0KB)
2025-10-02 03:06:06 | INFO    | Removing old PNG: 897.png (21.2KB)
2025-10-02 03:06:06 | INFO    | Removing old PNG: 898.png (21.1KB)
2025-10-02 03:06:06 | INFO    | Removing old PNG: 899.png (20.5KB)
2025-10-02 03:06:06 | INFO    | Removing old PNG: 900.png (20.1KB)
2025-10-02 03:06:06 | INFO    | Removing old PNG: 901.png (19.0KB)
2025-10-02 03:06:06 | INFO    | Removing old PNG: 902.png (18.9KB)
2025-10-02 03:06:06 | INFO    | Removing old PNG: 903.png (18.9KB)
2025-10-02 03:06:06 | INFO    | Removing old PNG: 904.png (18.4KB)
2025-10-02 03:06:06 | INFO    | Removing old PNG: 905.png (18.4KB)
2025-10-02 03:06:06 | INFO    | Removing old PNG: 906.png (18.0KB)
2025-10-02 03:06:06 | INFO    | Removing old PNG: 907.png (17.6KB)
2025-10-02 03:06:06 | INFO    | Removing old PNG: 908.png (17.4KB)
2025-10-02 03:06:06 | INFO    | Removing old PNG: 909.png (17.6KB)
2025-10-02 03:06:06 | INFO    | Removing old PNG: 910.png (17.2KB)
2025-10-02 03:06:06 | INFO    | Removing old PNG: 911.png (17.7KB)
2025-10-02 03:06:06 | INFO    | Removing old PNG: 912.png (17.8KB)
2025-10-02 03:06:06 | INFO    | Removing old PNG: 913.png (18.0KB)
2025-10-02 03:06:06 | INFO    | Removing old PNG: 914.png (18.0KB)
2025-10-02 03:06:06 | INFO    | Removing old PNG: 915.png (18.1KB)
2025-10-02 03:06:06 | INFO    | Removing old PNG: 916.png (17.9KB)
2025-10-02 03:06:06 | INFO    | Removing old PNG: 917.png (18.0KB)
2025-10-02 03:06:06 | INFO    | Removing old PNG: 918.png (17.7KB)
2025-10-02 03:06:06 | INFO    | Removing old PNG: 919.png (18.4KB)
2025-10-02 03:06:06 | INFO    | Removing old PNG: 920.png (18.6KB)
2025-10-02 03:06:06 | INFO    | Removing old PNG: 921.png (18.8KB)
2025-10-02 03:06:06 | INFO    | Removing old PNG: 922.png (19.0KB)
2025-10-02 03:06:06 | INFO    | Removing old PNG: 923.png (19.3KB)
2025-10-02 03:06:06 | INFO    | Removing old PNG: 924.png (19.8KB)
2025-10-02 03:06:06 | INFO    | Removing old PNG: 925.png (19.8KB)
2025-10-02 03:06:06 | INFO    | Removing old PNG: 926.png (20.2KB)
2025-10-02 03:06:06 | INFO    | Removing old PNG: 927.png (20.6KB)
2025-10-02 03:06:06 | INFO    | Removing old PNG: 928.png (21.3KB)
2025-10-02 03:06:06 | INFO    | Removing old PNG: 929.png (21.1KB)
2025-10-02 03:06:06 | INFO    | Removing old PNG: 930.png (21.2KB)
2025-10-02 03:06:06 | INFO    | Removing old PNG: 931.png (21.9KB)
2025-10-02 03:06:06 | INFO    | Removing old PNG: 932.png (22.2KB)
2025-10-02 03:06:06 | INFO    | Removing old PNG: 933.png (22.0KB)
2025-10-02 03:06:06 | INFO    | Removing old PNG: 934.png (22.3KB)
2025-10-02 03:06:06 | INFO    | Removing old PNG: 935.png (22.5KB)
2025-10-02 03:06:06 | INFO    | Removing old PNG: 936.png (23.1KB)
2025-10-02 03:06:06 | INFO    | Removing old PNG: 937.png (23.1KB)
2025-10-02 03:06:06 | INFO    | Removing old PNG: 938.png (22.8KB)
2025-10-02 03:06:06 | INFO    | Removing old PNG: 939.png (23.5KB)
2025-10-02 03:06:06 | INFO    | Removing old PNG: 940.png (23.8KB)
2025-10-02 03:06:06 | INFO    | Removing old PNG: 941.png (23.7KB)
2025-10-02 03:06:06 | INFO    | Removing old PNG: 942.png (23.8KB)
2025-10-02 03:06:06 | INFO    | Removing old PNG: 943.png (23.9KB)
2025-10-02 03:06:06 | INFO    | Removing old PNG: 944.png (23.8KB)
2025-10-02 03:06:06 | INFO    | Removing old PNG: 945.png (23.8KB)
2025-10-02 03:06:06 | INFO    | Removing old PNG: 946.png (24.2KB)
2025-10-02 03:06:06 | INFO    | Removing old PNG: 947.png (24.2KB)
2025-10-02 03:06:06 | INFO    | Removing old PNG: 948.png (24.2KB)
2025-10-02 03:06:06 | INFO    | Removing old PNG: 949.png (24.4KB)
2025-10-02 03:06:06 | INFO    | Removing old PNG: 950.png (24.5KB)
2025-10-02 03:06:06 | INFO    | Removing old PNG: 951.png (24.5KB)
2025-10-02 03:06:06 | INFO    | Removing old PNG: 952.png (24.8KB)
2025-10-02 03:06:06 | INFO    | Removing old PNG: 953.png (24.6KB)
2025-10-02 03:06:06 | INFO    | Removing old PNG: 954.png (24.5KB)
2025-10-02 03:06:06 | INFO    | Removing old PNG: 955.png (24.5KB)
2025-10-02 03:06:06 | INFO    | Removing old PNG: 956.png (24.6KB)
2025-10-02 03:06:06 | INFO    | Removing old PNG: 957.png (24.9KB)
2025-10-02 03:06:06 | INFO    | Removing old PNG: 958.png (24.9KB)
2025-10-02 03:06:06 | INFO    | Removing old PNG: 959.png (24.6KB)
2025-10-02 03:06:07 | DEBUG   | Cleared 960 .png files from C:\Program Files (x86)\Steam\steamapps\common\King Arthur's Gold\Mods\parkour-cont\parkour\Videos\Intro\Files
2025-10-02 03:06:07 | INFO    | Converting GIF -> PNGs: C:\Program Files (x86)\Steam\steamapps\common\King Arthur's Gold\Mods\parkour-cont\parkour\Videos\Intro.gif
2025-10-02 03:06:07 | DEBUG   | Opened GIF: format=GIF, size=(650, 276), mode=P, n_frames=78
2025-10-02 03:06:07 | DEBUG   | Saved frame 000 -> C:\Program Files (x86)\Steam\steamapps\common\King Arthur's Gold\Mods\parkour-cont\parkour\Videos\Intro\Files\000.png (size=(650, 276), mode=RGBA)
2025-10-02 03:06:07 | DEBUG   | Saved frame 001 -> C:\Program Files (x86)\Steam\steamapps\common\King Arthur's Gold\Mods\parkour-cont\parkour\Videos\Intro\Files\001.png (size=(650, 276), mode=RGBA)
2025-10-02 03:06:07 | DEBUG   | Saved frame 002 -> C:\Program Files (x86)\Steam\steamapps\common\King Arthur's Gold\Mods\parkour-cont\parkour\Videos\Intro\Files\002.png (size=(650, 276), mode=RGBA)
2025-10-02 03:06:07 | DEBUG   | Saved frame 003 -> C:\Program Files (x86)\Steam\steamapps\common\King Arthur's Gold\Mods\parkour-cont\parkour\Videos\Intro\Files\003.png (size=(650, 276), mode=RGBA)
2025-10-02 03:06:07 | DEBUG   | Saved frame 004 -> C:\Program Files (x86)\Steam\steamapps\common\King Arthur's Gold\Mods\parkour-cont\parkour\Videos\Intro\Files\004.png (size=(650, 276), mode=RGBA)
2025-10-02 03:06:07 | DEBUG   | Saved frame 005 -> C:\Program Files (x86)\Steam\steamapps\common\King Arthur's Gold\Mods\parkour-cont\parkour\Videos\Intro\Files\005.png (size=(650, 276), mode=RGBA)
2025-10-02 03:06:07 | DEBUG   | Saved frame 006 -> C:\Program Files (x86)\Steam\steamapps\common\King Arthur's Gold\Mods\parkour-cont\parkour\Videos\Intro\Files\006.png (size=(650, 276), mode=RGBA)
2025-10-02 03:06:07 | DEBUG   | Saved frame 007 -> C:\Program Files (x86)\Steam\steamapps\common\King Arthur's Gold\Mods\parkour-cont\parkour\Videos\Intro\Files\007.png (size=(650, 276), mode=RGBA)
2025-10-02 03:06:07 | DEBUG   | Saved frame 008 -> C:\Program Files (x86)\Steam\steamapps\common\King Arthur's Gold\Mods\parkour-cont\parkour\Videos\Intro\Files\008.png (size=(650, 276), mode=RGBA)
2025-10-02 03:06:07 | DEBUG   | Saved frame 009 -> C:\Program Files (x86)\Steam\steamapps\common\King Arthur's Gold\Mods\parkour-cont\parkour\Videos\Intro\Files\009.png (size=(650, 276), mode=RGBA)
2025-10-02 03:06:07 | DEBUG   | Saved frame 010 -> C:\Program Files (x86)\Steam\steamapps\common\King Arthur's Gold\Mods\parkour-cont\parkour\Videos\Intro\Files\010.png (size=(650, 276), mode=RGBA)
2025-10-02 03:06:07 | DEBUG   | Saved frame 011 -> C:\Program Files (x86)\Steam\steamapps\common\King Arthur's Gold\Mods\parkour-cont\parkour\Videos\Intro\Files\011.png (size=(650, 276), mode=RGBA)
2025-10-02 03:06:07 | DEBUG   | Saved frame 012 -> C:\Program Files (x86)\Steam\steamapps\common\King Arthur's Gold\Mods\parkour-cont\parkour\Videos\Intro\Files\012.png (size=(650, 276), mode=RGBA)
2025-10-02 03:06:07 | DEBUG   | Saved frame 013 -> C:\Program Files (x86)\Steam\steamapps\common\King Arthur's Gold\Mods\parkour-cont\parkour\Videos\Intro\Files\013.png (size=(650, 276), mode=RGBA)
2025-10-02 03:06:07 | DEBUG   | Saved frame 014 -> C:\Program Files (x86)\Steam\steamapps\common\King Arthur's Gold\Mods\parkour-cont\parkour\Videos\Intro\Files\014.png (size=(650, 276), mode=RGBA)
2025-10-02 03:06:07 | DEBUG   | Saved frame 015 -> C:\Program Files (x86)\Steam\steamapps\common\King Arthur's Gold\Mods\parkour-cont\parkour\Videos\Intro\Files\015.png (size=(650, 276), mode=RGBA)
2025-10-02 03:06:07 | DEBUG   | Saved frame 016 -> C:\Program Files (x86)\Steam\steamapps\common\King Arthur's Gold\Mods\parkour-cont\parkour\Videos\Intro\Files\016.png (size=(650, 276), mode=RGBA)
2025-10-02 03:06:07 | DEBUG   | Saved frame 017 -> C:\Program Files (x86)\Steam\steamapps\common\King Arthur's Gold\Mods\parkour-cont\parkour\Videos\Intro\Files\017.png (size=(650, 276), mode=RGBA)
2025-10-02 03:06:07 | DEBUG   | Saved frame 018 -> C:\Program Files (x86)\Steam\steamapps\common\King Arthur's Gold\Mods\parkour-cont\parkour\Videos\Intro\Files\018.png (size=(650, 276), mode=RGBA)
2025-10-02 03:06:07 | DEBUG   | Saved frame 019 -> C:\Program Files (x86)\Steam\steamapps\common\King Arthur's Gold\Mods\parkour-cont\parkour\Videos\Intro\Files\019.png (size=(650, 276), mode=RGBA)
2025-10-02 03:06:07 | DEBUG   | Saved frame 020 -> C:\Program Files (x86)\Steam\steamapps\common\King Arthur's Gold\Mods\parkour-cont\parkour\Videos\Intro\Files\020.png (size=(650, 276), mode=RGBA)
2025-10-02 03:06:07 | DEBUG   | Saved frame 021 -> C:\Program Files (x86)\Steam\steamapps\common\King Arthur's Gold\Mods\parkour-cont\parkour\Videos\Intro\Files\021.png (size=(650, 276), mode=RGBA)
2025-10-02 03:06:07 | DEBUG   | Saved frame 022 -> C:\Program Files (x86)\Steam\steamapps\common\King Arthur's Gold\Mods\parkour-cont\parkour\Videos\Intro\Files\022.png (size=(650, 276), mode=RGBA)
2025-10-02 03:06:07 | DEBUG   | Saved frame 023 -> C:\Program Files (x86)\Steam\steamapps\common\King Arthur's Gold\Mods\parkour-cont\parkour\Videos\Intro\Files\023.png (size=(650, 276), mode=RGBA)
2025-10-02 03:06:07 | DEBUG   | Saved frame 024 -> C:\Program Files (x86)\Steam\steamapps\common\King Arthur's Gold\Mods\parkour-cont\parkour\Videos\Intro\Files\024.png (size=(650, 276), mode=RGBA)
2025-10-02 03:06:07 | DEBUG   | Saved frame 025 -> C:\Program Files (x86)\Steam\steamapps\common\King Arthur's Gold\Mods\parkour-cont\parkour\Videos\Intro\Files\025.png (size=(650, 276), mode=RGBA)
2025-10-02 03:06:07 | DEBUG   | Saved frame 026 -> C:\Program Files (x86)\Steam\steamapps\common\King Arthur's Gold\Mods\parkour-cont\parkour\Videos\Intro\Files\026.png (size=(650, 276), mode=RGBA)
2025-10-02 03:06:08 | DEBUG   | Saved frame 027 -> C:\Program Files (x86)\Steam\steamapps\common\King Arthur's Gold\Mods\parkour-cont\parkour\Videos\Intro\Files\027.png (size=(650, 276), mode=RGBA)
2025-10-02 03:06:08 | DEBUG   | Saved frame 028 -> C:\Program Files (x86)\Steam\steamapps\common\King Arthur's Gold\Mods\parkour-cont\parkour\Videos\Intro\Files\028.png (size=(650, 276), mode=RGBA)
2025-10-02 03:06:08 | DEBUG   | Saved frame 029 -> C:\Program Files (x86)\Steam\steamapps\common\King Arthur's Gold\Mods\parkour-cont\parkour\Videos\Intro\Files\029.png (size=(650, 276), mode=RGBA)
2025-10-02 03:06:08 | DEBUG   | Saved frame 030 -> C:\Program Files (x86)\Steam\steamapps\common\King Arthur's Gold\Mods\parkour-cont\parkour\Videos\Intro\Files\030.png (size=(650, 276), mode=RGBA)
2025-10-02 03:06:08 | DEBUG   | Saved frame 031 -> C:\Program Files (x86)\Steam\steamapps\common\King Arthur's Gold\Mods\parkour-cont\parkour\Videos\Intro\Files\031.png (size=(650, 276), mode=RGBA)
2025-10-02 03:06:08 | DEBUG   | Saved frame 032 -> C:\Program Files (x86)\Steam\steamapps\common\King Arthur's Gold\Mods\parkour-cont\parkour\Videos\Intro\Files\032.png (size=(650, 276), mode=RGBA)
2025-10-02 03:06:08 | DEBUG   | Saved frame 033 -> C:\Program Files (x86)\Steam\steamapps\common\King Arthur's Gold\Mods\parkour-cont\parkour\Videos\Intro\Files\033.png (size=(650, 276), mode=RGBA)
2025-10-02 03:06:08 | DEBUG   | Saved frame 034 -> C:\Program Files (x86)\Steam\steamapps\common\King Arthur's Gold\Mods\parkour-cont\parkour\Videos\Intro\Files\034.png (size=(650, 276), mode=RGBA)
2025-10-02 03:06:08 | DEBUG   | Saved frame 035 -> C:\Program Files (x86)\Steam\steamapps\common\King Arthur's Gold\Mods\parkour-cont\parkour\Videos\Intro\Files\035.png (size=(650, 276), mode=RGBA)
2025-10-02 03:06:08 | DEBUG   | Saved frame 036 -> C:\Program Files (x86)\Steam\steamapps\common\King Arthur's Gold\Mods\parkour-cont\parkour\Videos\Intro\Files\036.png (size=(650, 276), mode=RGBA)
2025-10-02 03:06:08 | DEBUG   | Saved frame 037 -> C:\Program Files (x86)\Steam\steamapps\common\King Arthur's Gold\Mods\parkour-cont\parkour\Videos\Intro\Files\037.png (size=(650, 276), mode=RGBA)
2025-10-02 03:06:08 | DEBUG   | Saved frame 038 -> C:\Program Files (x86)\Steam\steamapps\common\King Arthur's Gold\Mods\parkour-cont\parkour\Videos\Intro\Files\038.png (size=(650, 276), mode=RGBA)
2025-10-02 03:06:08 | DEBUG   | Saved frame 039 -> C:\Program Files (x86)\Steam\steamapps\common\King Arthur's Gold\Mods\parkour-cont\parkour\Videos\Intro\Files\039.png (size=(650, 276), mode=RGBA)
2025-10-02 03:06:08 | DEBUG   | Saved frame 040 -> C:\Program Files (x86)\Steam\steamapps\common\King Arthur's Gold\Mods\parkour-cont\parkour\Videos\Intro\Files\040.png (size=(650, 276), mode=RGBA)
2025-10-02 03:06:08 | DEBUG   | Saved frame 041 -> C:\Program Files (x86)\Steam\steamapps\common\King Arthur's Gold\Mods\parkour-cont\parkour\Videos\Intro\Files\041.png (size=(650, 276), mode=RGBA)
2025-10-02 03:06:08 | DEBUG   | Saved frame 042 -> C:\Program Files (x86)\Steam\steamapps\common\King Arthur's Gold\Mods\parkour-cont\parkour\Videos\Intro\Files\042.png (size=(650, 276), mode=RGBA)
2025-10-02 03:06:08 | DEBUG   | Saved frame 043 -> C:\Program Files (x86)\Steam\steamapps\common\King Arthur's Gold\Mods\parkour-cont\parkour\Videos\Intro\Files\043.png (size=(650, 276), mode=RGBA)
2025-10-02 03:06:08 | DEBUG   | Saved frame 044 -> C:\Program Files (x86)\Steam\steamapps\common\King Arthur's Gold\Mods\parkour-cont\parkour\Videos\Intro\Files\044.png (size=(650, 276), mode=RGBA)
2025-10-02 03:06:08 | DEBUG   | Saved frame 045 -> C:\Program Files (x86)\Steam\steamapps\common\King Arthur's Gold\Mods\parkour-cont\parkour\Videos\Intro\Files\045.png (size=(650, 276), mode=RGBA)
2025-10-02 03:06:08 | DEBUG   | Saved frame 046 -> C:\Program Files (x86)\Steam\steamapps\common\King Arthur's Gold\Mods\parkour-cont\parkour\Videos\Intro\Files\046.png (size=(650, 276), mode=RGBA)
2025-10-02 03:06:08 | DEBUG   | Saved frame 047 -> C:\Program Files (x86)\Steam\steamapps\common\King Arthur's Gold\Mods\parkour-cont\parkour\Videos\Intro\Files\047.png (size=(650, 276), mode=RGBA)
2025-10-02 03:06:08 | DEBUG   | Saved frame 048 -> C:\Program Files (x86)\Steam\steamapps\common\King Arthur's Gold\Mods\parkour-cont\parkour\Videos\Intro\Files\048.png (size=(650, 276), mode=RGBA)
2025-10-02 03:06:08 | DEBUG   | Saved frame 049 -> C:\Program Files (x86)\Steam\steamapps\common\King Arthur's Gold\Mods\parkour-cont\parkour\Videos\Intro\Files\049.png (size=(650, 276), mode=RGBA)
2025-10-02 03:06:08 | DEBUG   | Saved frame 050 -> C:\Program Files (x86)\Steam\steamapps\common\King Arthur's Gold\Mods\parkour-cont\parkour\Videos\Intro\Files\050.png (size=(650, 276), mode=RGBA)
2025-10-02 03:06:08 | DEBUG   | Saved frame 051 -> C:\Program Files (x86)\Steam\steamapps\common\King Arthur's Gold\Mods\parkour-cont\parkour\Videos\Intro\Files\051.png (size=(650, 276), mode=RGBA)
2025-10-02 03:06:08 | DEBUG   | Saved frame 052 -> C:\Program Files (x86)\Steam\steamapps\common\King Arthur's Gold\Mods\parkour-cont\parkour\Videos\Intro\Files\052.png (size=(650, 276), mode=RGBA)
2025-10-02 03:06:08 | DEBUG   | Saved frame 053 -> C:\Program Files (x86)\Steam\steamapps\common\King Arthur's Gold\Mods\parkour-cont\parkour\Videos\Intro\Files\053.png (size=(650, 276), mode=RGBA)
2025-10-02 03:06:08 | DEBUG   | Saved frame 054 -> C:\Program Files (x86)\Steam\steamapps\common\King Arthur's Gold\Mods\parkour-cont\parkour\Videos\Intro\Files\054.png (size=(650, 276), mode=RGBA)
2025-10-02 03:06:08 | DEBUG   | Saved frame 055 -> C:\Program Files (x86)\Steam\steamapps\common\King Arthur's Gold\Mods\parkour-cont\parkour\Videos\Intro\Files\055.png (size=(650, 276), mode=RGBA)
2025-10-02 03:06:08 | DEBUG   | Saved frame 056 -> C:\Program Files (x86)\Steam\steamapps\common\King Arthur's Gold\Mods\parkour-cont\parkour\Videos\Intro\Files\056.png (size=(650, 276), mode=RGBA)
2025-10-02 03:06:08 | DEBUG   | Saved frame 057 -> C:\Program Files (x86)\Steam\steamapps\common\King Arthur's Gold\Mods\parkour-cont\parkour\Videos\Intro\Files\057.png (size=(650, 276), mode=RGBA)
2025-10-02 03:06:08 | DEBUG   | Saved frame 058 -> C:\Program Files (x86)\Steam\steamapps\common\King Arthur's Gold\Mods\parkour-cont\parkour\Videos\Intro\Files\058.png (size=(650, 276), mode=RGBA)
2025-10-02 03:06:08 | DEBUG   | Saved frame 059 -> C:\Program Files (x86)\Steam\steamapps\common\King Arthur's Gold\Mods\parkour-cont\parkour\Videos\Intro\Files\059.png (size=(650, 276), mode=RGBA)
2025-10-02 03:06:08 | DEBUG   | Saved frame 060 -> C:\Program Files (x86)\Steam\steamapps\common\King Arthur's Gold\Mods\parkour-cont\parkour\Videos\Intro\Files\060.png (size=(650, 276), mode=RGBA)
2025-10-02 03:06:08 | DEBUG   | Saved frame 061 -> C:\Program Files (x86)\Steam\steamapps\common\King Arthur's Gold\Mods\parkour-cont\parkour\Videos\Intro\Files\061.png (size=(650, 276), mode=RGBA)
2025-10-02 03:06:08 | DEBUG   | Saved frame 062 -> C:\Program Files (x86)\Steam\steamapps\common\King Arthur's Gold\Mods\parkour-cont\parkour\Videos\Intro\Files\062.png (size=(650, 276), mode=RGBA)
2025-10-02 03:06:08 | DEBUG   | Saved frame 063 -> C:\Program Files (x86)\Steam\steamapps\common\King Arthur's Gold\Mods\parkour-cont\parkour\Videos\Intro\Files\063.png (size=(650, 276), mode=RGBA)
2025-10-02 03:06:08 | DEBUG   | Saved frame 064 -> C:\Program Files (x86)\Steam\steamapps\common\King Arthur's Gold\Mods\parkour-cont\parkour\Videos\Intro\Files\064.png (size=(650, 276), mode=RGBA)
2025-10-02 03:06:08 | DEBUG   | Saved frame 065 -> C:\Program Files (x86)\Steam\steamapps\common\King Arthur's Gold\Mods\parkour-cont\parkour\Videos\Intro\Files\065.png (size=(650, 276), mode=RGBA)
2025-10-02 03:06:08 | DEBUG   | Saved frame 066 -> C:\Program Files (x86)\Steam\steamapps\common\King Arthur's Gold\Mods\parkour-cont\parkour\Videos\Intro\Files\066.png (size=(650, 276), mode=RGBA)
2025-10-02 03:06:08 | DEBUG   | Saved frame 067 -> C:\Program Files (x86)\Steam\steamapps\common\King Arthur's Gold\Mods\parkour-cont\parkour\Videos\Intro\Files\067.png (size=(650, 276), mode=RGBA)
2025-10-02 03:06:08 | DEBUG   | Saved frame 068 -> C:\Program Files (x86)\Steam\steamapps\common\King Arthur's Gold\Mods\parkour-cont\parkour\Videos\Intro\Files\068.png (size=(650, 276), mode=RGBA)
2025-10-02 03:06:08 | DEBUG   | Saved frame 069 -> C:\Program Files (x86)\Steam\steamapps\common\King Arthur's Gold\Mods\parkour-cont\parkour\Videos\Intro\Files\069.png (size=(650, 276), mode=RGBA)
2025-10-02 03:06:08 | DEBUG   | Saved frame 070 -> C:\Program Files (x86)\Steam\steamapps\common\King Arthur's Gold\Mods\parkour-cont\parkour\Videos\Intro\Files\070.png (size=(650, 276), mode=RGBA)
2025-10-02 03:06:08 | DEBUG   | Saved frame 071 -> C:\Program Files (x86)\Steam\steamapps\common\King Arthur's Gold\Mods\parkour-cont\parkour\Videos\Intro\Files\071.png (size=(650, 276), mode=RGBA)
2025-10-02 03:06:08 | DEBUG   | Saved frame 072 -> C:\Program Files (x86)\Steam\steamapps\common\King Arthur's Gold\Mods\parkour-cont\parkour\Videos\Intro\Files\072.png (size=(650, 276), mode=RGBA)
2025-10-02 03:06:08 | DEBUG   | Saved frame 073 -> C:\Program Files (x86)\Steam\steamapps\common\King Arthur's Gold\Mods\parkour-cont\parkour\Videos\Intro\Files\073.png (size=(650, 276), mode=RGBA)
2025-10-02 03:06:08 | DEBUG   | Saved frame 074 -> C:\Program Files (x86)\Steam\steamapps\common\King Arthur's Gold\Mods\parkour-cont\parkour\Videos\Intro\Files\074.png (size=(650, 276), mode=RGBA)
2025-10-02 03:06:08 | DEBUG   | Saved frame 075 -> C:\Program Files (x86)\Steam\steamapps\common\King Arthur's Gold\Mods\parkour-cont\parkour\Videos\Intro\Files\075.png (size=(650, 276), mode=RGBA)
2025-10-02 03:06:08 | DEBUG   | Saved frame 076 -> C:\Program Files (x86)\Steam\steamapps\common\King Arthur's Gold\Mods\parkour-cont\parkour\Videos\Intro\Files\076.png (size=(650, 276), mode=RGBA)
2025-10-02 03:06:08 | DEBUG   | Saved frame 077 -> C:\Program Files (x86)\Steam\steamapps\common\King Arthur's Gold\Mods\parkour-cont\parkour\Videos\Intro\Files\077.png (size=(650, 276), mode=RGBA)
2025-10-02 03:06:08 | INFO    | Frames saved: 78
2025-10-02 03:06:08 | INFO    | Moved original gif to C:\Program Files (x86)\Steam\steamapps\common\King Arthur's Gold\Mods\parkour-cont\parkour\Videos\Intro\Intro.gif
2025-10-02 03:06:08 | INFO    | Success: saved 78 PNG frames from Intro.gif into C:\Program Files (x86)\Steam\steamapps\common\King Arthur's Gold\Mods\parkour-cont\parkour\Videos\Intro\Files
2025-10-02 03:06:08 | INFO    | Original GIF moved to: C:\Program Files (x86)\Steam\steamapps\common\King Arthur's Gold\Mods\parkour-cont\parkour\Videos\Intro\Intro.gif
2025-10-02 03:06:08 | INFO    | === Finished successfully ===
